{
    "time_simulated": "1:00:00",
    "num_samples": 240,
    "average_power": 20.123339812107012,
    "min_loss": 1.3292970835216362,
    "average_loss": 1.3304078612767374,
    "max_loss": 1.3306543039297996,
    "system_power_efficiency": 93.38873231929269,
    "total_energy_consumed": 20.123339812107012,
    "carbon_emissions": 8.330446241091316,
    "total_cost": 1891.5939423380592,
    "avg_concurrent_jobs_per_active_node": 1.0,
    "max_concurrent_jobs_per_node": 1
}{
    "jobs_total": 100,
    "jobs_completed": 3,
    "throughput": 3.0,
    "jobs_still_running": [
        80182,
        45653,
        87205,
        81031,
        19576,
        55865,
        52439,
        2296,
        5211,
        47728,
        84815,
        31135,
        86010,
        10831,
        34233,
        13361,
        79761,
        24691,
        71033,
        61955
    ],
    "jobs_still_in_queue": [
        24163,
        72190,
        77164,
        87153,
        33993,
        70238,
        69354,
        18556,
        85724,
        68299,
        22944,
        13674,
        57201,
        3571,
        60157,
        83785,
        17251,
        95882,
        90018,
        4509,
        38821,
        14255,
        9671,
        61945,
        62136,
        79060,
        12562,
        75522,
        75129,
        22240,
        81384,
        33820,
        35814,
        42712,
        57745,
        39720,
        12128,
        35716,
        94153,
        82808,
        56849,
        6078,
        14128,
        52721,
        31468,
        93023,
        24783,
        8836,
        2051,
        1588,
        666,
        11526,
        68989,
        14748,
        94989,
        40447,
        82945,
        81959,
        54019,
        78164,
        74839,
        31468,
        5360,
        28205,
        11628,
        6141,
        58415,
        73521,
        25913,
        46418,
        70388,
        70359,
        20621,
        95354,
        36019,
        35105,
        79787
    ],
    "jobs <= 5 nodes": 2,
    "jobs <= 50 nodes": 1,
    "jobs <= 250 nodes": 0,
    "jobs <= 4500 nodes": 0,
    "jobs > 4500 nodes": 0,
    "min_job_size": 2,
    "max_job_size": 32,
    "average_job_size": 12.666666666666666,
    "min_runtime": 1087,
    "max_runtime": 3233,
    "average_runtime": 2088.6666666666665,
    "min_energy": 4790495.306122531,
    "max_energy": 127365600.65307114,
    "avg_energy": 45835229.21088766,
    "min_edp": 5815006149.061136,
    "max_edp": 411772986911.37897,
    "avg_edp": 142303432308.71817,
    "min_edp^2": 6320911684029.455,
    "max_edp^2": 1331262066684488.2,
    "avg_edp^2": 451908060563732.7,
    "min_aggregate_node_hours": 3892,
    "max_aggregate_node_hours": 103456,
    "avg_aggregate_node_hours": 37232.0,
    "min_cpu_util": 1,
    "max_cpu_util": 1,
    "avg_cpu_util": 1.0,
    "min_gpu_util": 0.8,
    "max_gpu_util": 0.8,
    "avg_gpu_util": 0.8000000000000002,
    "min_ntx_util": -1,
    "max_ntx_util": -1,
    "avg_ntx_util": -1,
    "min_nrx_util": -1,
    "max_nrx_util": -1,
    "avg_nrx_util": -1,
    "min_wait_time": 0,
    "max_wait_time": 0,
    "average_wait_time": 0.0,
    "min_turnaround_time": 1087,
    "max_turnaround_time": 3233,
    "average_turnaround_time": 2088.6666666666665,
    "min_area_weighted_response_time": 4726276,
    "max_area_weighted_response_time": 334473248,
    "area_weighted_avg_response_time": 3104.617497493196,
    "priority_weighted_specific_response_time": 2404.322577077004
}