{
    "time_simulated": "1:00:00",
    "num_samples": 240,
    "average_power": 21.019224461601095,
    "min_loss": 1.3834442325267824,
    "average_loss": 1.3834442325267808,
    "max_loss": 1.3834442325267824,
    "system_power_efficiency": 93.41819563774048,
    "total_energy_consumed": 21.019224461601095,
    "carbon_emissions": 8.69857072015067,
    "total_cost": 1975.8070993905028,
    "avg_concurrent_jobs_per_active_node": 1.0,
    "max_concurrent_jobs_per_node": 1
}{
    "jobs_total": 50,
    "jobs_completed": 0,
    "throughput": 0.0,
    "jobs_still_running": [
        97197,
        97081,
        3906,
        73564,
        36464,
        36422,
        12677,
        5696,
        38428,
        60590,
        8676,
        32326,
        99062
    ],
    "jobs_still_in_queue": [
        9117,
        30513,
        47820,
        89594,
        7332,
        51857,
        52351,
        89193,
        61349,
        70382,
        20731,
        13948,
        26072,
        78505,
        40307,
        95933,
        86475,
        79508,
        40858,
        15861,
        72604,
        7717,
        43310,
        70679,
        53355,
        55520,
        12900,
        24932,
        60638,
        6631,
        53270,
        49673,
        55445,
        28535,
        76570,
        24357,
        30829
    ],
    "jobs <= 5 nodes": 0,
    "jobs <= 50 nodes": 0,
    "jobs <= 250 nodes": 0,
    "jobs <= 4500 nodes": 0,
    "jobs > 4500 nodes": 0,
    "min_job_size": -1,
    "max_job_size": -1,
    "average_job_size": -1,
    "min_runtime": -1,
    "max_runtime": -1,
    "average_runtime": -1,
    "min_energy": -1,
    "max_energy": -1,
    "avg_energy": -1,
    "min_edp": -1,
    "max_edp": -1,
    "avg_edp": -1,
    "min_edp^2": -1,
    "max_edp^2": -1,
    "avg_edp^2": -1,
    "min_aggregate_node_hours": -1,
    "max_aggregate_node_hours": -1,
    "avg_aggregate_node_hours": -1,
    "min_cpu_util": -1,
    "max_cpu_util": -1,
    "avg_cpu_util": -1,
    "min_gpu_util": -1,
    "max_gpu_util": -1,
    "avg_gpu_util": -1,
    "min_ntx_util": -1,
    "max_ntx_util": -1,
    "avg_ntx_util": -1,
    "min_nrx_util": -1,
    "max_nrx_util": -1,
    "avg_nrx_util": -1,
    "min_wait_time": -1,
    "max_wait_time": -1,
    "average_wait_time": -1,
    "min_turnaround_time": -1,
    "max_turnaround_time": -1,
    "average_turnaround_time": -1,
    "min_area_weighted_response_time": -1,
    "max_area_weighted_response_time": -1,
    "area_weighted_avg_response_time": -1,
    "priority_weighted_specific_response_time": -1
}