{
    "time_simulated": "2:00:00",
    "num_samples": 360,
    "average_power": 2.9947796199757537,
    "min_loss": 0.0,
    "average_loss": 0.0,
    "max_loss": 0.0,
    "system_power_efficiency": 0,
    "total_energy_consumed": 5.989559239951507,
    "carbon_emissions": 0,
    "total_cost": 563.0185685554417,
    "avg_concurrent_jobs_per_active_node": 1.0,
    "max_concurrent_jobs_per_node": 1
}{
    "jobs_total": 432,
    "jobs_completed": 58,
    "throughput": 29.0,
    "jobs_still_running": [
        476429,
        476430,
        476432,
        476433,
        476435,
        476436,
        476437,
        476438,
        476466,
        476467,
        476468,
        476469,
        476470,
        476471,
        476473,
        476478,
        476479,
        476480,
        476481,
        476482,
        476483,
        476484,
        476485,
        476922,
        476951,
        476975,
        476976,
        476977,
        476979,
        476980,
        476981,
        477079,
        477080,
        477081,
        477082,
        477083,
        477084,
        477085,
        477086,
        477087,
        477088,
        477089,
        477090,
        477129,
        477130,
        477131,
        477132,
        477133,
        477134,
        477136,
        477135,
        477137,
        477139,
        477138,
        477140,
        477141,
        477142,
        477143,
        477144,
        477145,
        477147,
        477149,
        477150,
        477151,
        477152,
        477153,
        477154,
        477155,
        477156,
        477157,
        477159,
        477158,
        477160,
        477161,
        477162,
        477163,
        477178,
        477179,
        477185,
        477202,
        477203,
        477204,
        477205,
        477249,
        477251,
        477250,
        477253,
        477254,
        477252,
        477255,
        477256,
        477257,
        477258,
        477259,
        477260,
        477261,
        477262,
        477263,
        477264,
        477265,
        477266,
        477268,
        477267,
        477270,
        477269,
        477271,
        477272,
        477273,
        477274,
        477275,
        477276,
        477277,
        477278,
        477280,
        477279,
        477281,
        477282,
        477283,
        477284,
        477285,
        477286,
        477288,
        477287,
        477290,
        477289,
        477291,
        477292,
        477293,
        477294,
        477295,
        477296,
        477297,
        477298,
        477306,
        477309,
        477310,
        477556,
        477585,
        477736,
        477889,
        477891,
        477963,
        477967,
        477972,
        477976,
        477979,
        477982,
        478104,
        478110,
        478185,
        478488,
        478533,
        478534,
        478535,
        478536,
        478538,
        478591,
        478615,
        478688,
        478742,
        478743,
        478744,
        478745,
        478746,
        478749,
        478751,
        478750,
        478753,
        478752,
        478754,
        478755,
        478757,
        478756,
        478758,
        478760,
        478759,
        478770,
        478776,
        478778,
        478777,
        478779,
        478842,
        478888,
        478891,
        478892,
        479068,
        479069,
        479073,
        479092,
        477180,
        477181,
        477182,
        477183,
        477184,
        477186,
        478478,
        478762,
        478761,
        478763,
        479096,
        478695,
        479101,
        478697,
        479114,
        479116,
        479117,
        479102,
        479118,
        477987,
        478699,
        479119,
        477187,
        477188,
        478248,
        478319,
        478494,
        478509,
        478764,
        478765,
        478766,
        478767,
        478768,
        478771,
        479123,
        479124,
        479127
    ],
    "jobs_still_in_queue": [
        478372,
        478769,
        479122,
        478520,
        478568,
        478581,
        478584,
        478586,
        478587,
        478593,
        478594,
        478595,
        478700,
        478772,
        479128,
        478773,
        478604,
        478701,
        478702,
        479115,
        478703,
        478704,
        477189,
        477190,
        477191,
        478596,
        478597,
        478605,
        478606,
        478637,
        478705,
        478707,
        478607,
        478708,
        478608,
        478709,
        478609,
        478610,
        478611,
        478612,
        478613,
        478710,
        478774,
        478711,
        478712,
        478713,
        478775,
        476992,
        477192,
        478780,
        478782,
        478781,
        478783,
        478784,
        478786,
        478785,
        478787,
        478788,
        478789,
        478790,
        478791,
        478792,
        478793,
        478794,
        479095,
        476994,
        477193,
        477195,
        478685,
        478795,
        478796,
        478797,
        478798,
        478799,
        478800,
        478801,
        478802,
        478803,
        476997,
        477196,
        477197,
        477907,
        477908,
        478812,
        478832,
        478836,
        479105,
        479120,
        476995,
        476996,
        476998,
        477000,
        477001,
        477002,
        477003,
        477013,
        477014,
        477909,
        477910,
        477911,
        477913,
        477914,
        477915,
        477916,
        478107,
        478819,
        479106,
        479107,
        478484,
        478528,
        478529,
        478530,
        478532,
        478537,
        478539,
        478679,
        478680,
        478681,
        478682,
        478683,
        478814,
        478815,
        478816,
        478817,
        478818,
        478820,
        478821,
        478822,
        478823,
        478824,
        479111,
        478825,
        478849,
        478846,
        478847,
        478848,
        478977,
        478980,
        479108,
        479109,
        479110,
        479112,
        479113,
        479125,
        479126,
        468688,
        469955,
        477171
    ],
    "jobs <= 5 nodes": 38,
    "jobs <= 50 nodes": 20,
    "jobs <= 250 nodes": 0,
    "jobs <= 4500 nodes": 0,
    "jobs > 4500 nodes": 0,
    "min_job_size": 1,
    "max_job_size": 16,
    "average_job_size": 5.0344827586206895,
    "min_runtime": 23,
    "max_runtime": 43226,
    "average_runtime": 22092.310344827587,
    "min_energy": 39732.59672816162,
    "max_energy": 252008567.15046352,
    "avg_energy": 75288994.19267628,
    "min_edp": 2161236.5091649084,
    "max_edp": 10772862228548.014,
    "avg_edp": 2550105501130.669,
    "min_edp^2": 49708439.7107929,
    "max_edp^2": 4.6051831454597056e+17,
    "avg_edp^2": 9.978446433397165e+16,
    "min_aggregate_node_hours": 72,
    "max_aggregate_node_hours": 294696,
    "avg_aggregate_node_hours": 93052.63793103448,
    "min_cpu_util": 0.0,
    "max_cpu_util": 1.9748425130392517,
    "avg_cpu_util": 0.8980853001253124,
    "min_gpu_util": 0.0,
    "max_gpu_util": 1.8655242343192862,
    "avg_gpu_util": 0.3320504710822514,
    "min_ntx_util": 177492.0,
    "max_ntx_util": 159280312388.0,
    "avg_ntx_util": 31668947970.37931,
    "min_nrx_util": 1601810.0,
    "max_nrx_util": 159554889271.0,
    "avg_nrx_util": 31797622451.482758,
    "min_wait_time": 1,
    "max_wait_time": 66385,
    "average_wait_time": 20764.362068965518,
    "min_turnaround_time": 61,
    "max_turnaround_time": 109133,
    "average_turnaround_time": 42856.6724137931,
    "min_area_weighted_response_time": 5976,
    "max_area_weighted_response_time": 27991304904,
    "area_weighted_avg_response_time": 71133.37627405179,
    "priority_weighted_specific_response_time": 77324.67356162108
}