{
    "time_simulated": "1:00:00",
    "num_samples": 180,
    "average_power": 5.745023565682736,
    "min_loss": 0.0,
    "average_loss": 0.0,
    "max_loss": 0.0,
    "system_power_efficiency": 0,
    "total_energy_consumed": 5.745023565682736,
    "carbon_emissions": 0,
    "total_cost": 540.0322151741772,
    "avg_concurrent_jobs_per_active_node": 1.0,
    "max_concurrent_jobs_per_node": 1
}{
    "jobs_total": 100,
    "jobs_completed": 4,
    "throughput": 4.0,
    "jobs_still_running": [
        92989,
        30082,
        92792,
        20238,
        73509,
        40310,
        11760,
        26273,
        10213,
        54687
    ],
    "jobs_still_in_queue": [
        2832,
        64085,
        12188,
        91484,
        76428,
        47054,
        17290,
        79169,
        12728,
        44923,
        25281,
        10123,
        69335,
        21080,
        47997,
        40677,
        87908,
        96249,
        37456,
        49470,
        19603,
        13827,
        78478,
        59160,
        95743,
        61495,
        26267,
        44423,
        56071,
        8817,
        69874,
        24285,
        8653,
        37625,
        62613,
        91372,
        92363,
        51922,
        5171,
        56714,
        11918,
        2909,
        54806,
        58101,
        24424,
        39744,
        94746,
        19488,
        14059,
        33776,
        31878,
        29801,
        84580,
        24497,
        38486,
        88200,
        37744,
        77793,
        70918,
        5670,
        21133,
        31387,
        28419,
        10626,
        80645,
        10465,
        44242,
        33982,
        55092,
        65086,
        48521,
        25419,
        96529,
        87306,
        34268,
        67576,
        64492,
        74374,
        62849,
        97427,
        14338,
        23489,
        15487,
        204,
        12600,
        57266
    ],
    "jobs <= 5 nodes": 2,
    "jobs <= 50 nodes": 2,
    "jobs <= 250 nodes": 0,
    "jobs <= 4500 nodes": 0,
    "jobs > 4500 nodes": 0,
    "min_job_size": 2,
    "max_job_size": 32,
    "average_job_size": 17.5,
    "min_runtime": 832,
    "max_runtime": 3383,
    "average_runtime": 1826.0,
    "min_energy": 1526563.620000012,
    "max_energy": 99404826.23999195,
    "avg_energy": 40490217.074998125,
    "min_edp": 1270100931.84001,
    "max_edp": 336286527169.89276,
    "avg_edp": 113057349459.71346,
    "min_edp^2": 1056723975290.8883,
    "max_edp^2": 1137657321415747.2,
    "avg_edp^2": 339141233029964.7,
    "min_aggregate_node_hours": 1664,
    "max_aggregate_node_hours": 108256,
    "avg_aggregate_node_hours": 44100.0,
    "min_cpu_util": 1,
    "max_cpu_util": 1,
    "avg_cpu_util": 1.0,
    "min_gpu_util": 0.8,
    "max_gpu_util": 0.8,
    "avg_gpu_util": 0.8,
    "min_ntx_util": -1,
    "max_ntx_util": -1,
    "avg_ntx_util": -1,
    "min_nrx_util": -1,
    "max_nrx_util": -1,
    "avg_nrx_util": -1,
    "min_wait_time": 0,
    "max_wait_time": 0,
    "average_wait_time": 0.0,
    "min_turnaround_time": 832,
    "max_turnaround_time": 3383,
    "average_turnaround_time": 1826.0,
    "min_area_weighted_response_time": 1384448,
    "max_area_weighted_response_time": 366230048,
    "area_weighted_avg_response_time": 2792.105941043084,
    "priority_weighted_specific_response_time": 2358.6455586175525
}