Tue Jan 20 23:10:04 2026: Starting Initialization


Mini-Application Name    : CoMD-mpi
Mini-Application Version : 1.1
Platform:
  hostname: 6ba87c583b5c
  kernel name: 'Linux'
  kernel release: '6.12.54-linuxkit'
  processor: 'unknown'
Build:
  CC: '/usr/bin/mpicc'
  compiler version: 'gcc (Debian 14.2.0-19) 14.2.0'
  CFLAGS: '-std=c99 -DDOUBLE -DDO_MPI -O2'
  LDFLAGS: ' -lm '
  using MPI: true
  Threading: none
  Double Precision: true
Run Date/Time: 2026-01-20, 23:10:04

Command Line Parameters:
  doeam: 0
  potDir: pots
  potName: Cu_u6.eam
  potType: funcfl
  nx: 40
  ny: 40
  nz: 40
  xproc: 2
  yproc: 2
  zproc: 2
  Lattice constant: -1 Angstroms
  nSteps: 100
  printRate: 10
  Time step: 1 fs
  Initial Temperature: 600 K
  Initial Delta: 0 Angstroms

Simulation data: 
  Total atoms        : 256000
  Min global bounds  : [   0.0000000000,   0.0000000000,   0.0000000000 ]
  Max global bounds  : [ 144.6000000000, 144.6000000000, 144.6000000000 ]

Decomposition data: 
  Processors         :      2,     2,     2
  Local boxes        :     12,    12,    12 =     1728
  Box size           : [   6.0250000000,   6.0250000000,   6.0250000000 ]
  Box factor         : [   1.0410367171,   1.0410367171,   1.0410367171 ] 
  Max Link Cell Occupancy: 32 of 64

Potential data: 
  Potential type   : Lennard-Jones
  Species name     : Cu
  Atomic number    : 29
  Mass             : 63.55 amu
  Lattice Type     : FCC
  Lattice spacing  : 3.615 Angstroms
  Cutoff           : 5.7875 Angstroms
  Epsilon          : 0.167 eV
  Sigma            : 2.315 Angstroms

Memory data: 
  Intrinsic atom footprint =   88 B/atom 
  Total atom footprint     =  21.484 MB (  2.69 MB/node)
  Link cell atom footprint =   9.281 MB/node
  Link cell atom footprint =  14.738 MB/node (including halo cell data


Initial energy : -1.166063303458, atom count : 256000 

Tue Jan 20 23:10:04 2026: Initialization Finished

Tue Jan 20 23:10:04 2026: Starting simulation

#                                                                                         Performance
#  Loop   Time(fs)       Total Energy   Potential Energy     Kinetic Energy  Temperature   (us/atom)     # Atoms
      0       0.00    -1.166063303458    -1.243619295058     0.077555991600     600.0000     0.0000       256000
     10      10.00    -1.166059671302    -1.233152596044     0.067092924741     519.0541     1.4212       256000
     20      20.00    -1.166048444584    -1.208161794319     0.042113349735     325.8035     1.6874       256000
     30      30.00    -1.166037581449    -1.186571716247     0.020534134797     158.8592     1.7990       256000
     40      40.00    -1.166042139511    -1.183655183678     0.017613044167     136.2606     1.7995       256000
     50      50.00    -1.166051731640    -1.193748648207     0.027696916567     214.2729     1.8907       256000
     60      60.00    -1.166054642856    -1.202645604514     0.036590961658     283.0803     1.8672       256000
     70      70.00    -1.166052104338    -1.204856516141     0.038804411803     300.2044     1.6233       256000
     80      80.00    -1.166048785824    -1.203606172709     0.037557386886     290.5569     2.2037       256000
     90      90.00    -1.166048047012    -1.203854970624     0.037806923612     292.4874     1.8919       256000
    100     100.00    -1.166049848389    -1.206925106266     0.040875257877     316.2251     1.7937       256000
Tue Jan 20 23:10:09 2026: Ending simulation



Simulation Validation:
  Initial energy  : -1.166063303458
  Final energy    : -1.166049848389
  eFinal/eInitial : 0.999988
  Final atom count : 256000, no atoms lost


Timings for Rank 0
        Timer        # Calls    Avg/Call (s)   Total (s)    % Loop
___________________________________________________________________
total                      1       5.8410        5.8410      101.30
loop                       1       5.7658        5.7658      100.00
timestep                  10       0.5753        5.7528       99.77
  position               100       0.0003        0.0318        0.55
  velocity               200       0.0002        0.0349        0.60
  redistribute           101       0.0129        1.2987       22.52
    atomHalo             101       0.0107        1.0836       18.79
  force                  101       0.0429        4.3287       75.08
commHalo                 303       0.0033        0.9872       17.12
commReduce                39       0.0037        0.1456        2.53

Timing Statistics Across 8 Ranks:
        Timer        Rank: Min(s)       Rank: Max(s)      Avg(s)    Stdev(s)
_____________________________________________________________________________
total                7:    5.8409       0:    5.8410      5.8409      0.0000
loop                 5:    5.7658       6:    5.7659      5.7658      0.0000
timestep             1:    5.7481       7:    5.7633      5.7549      0.0057
  position           4:    0.0267       2:    0.0375      0.0300      0.0032
  velocity           6:    0.0287       2:    0.0382      0.0344      0.0026
  redistribute       2:    1.2212       6:    1.4150      1.2982      0.0603
    atomHalo         2:    1.0425       6:    1.2395      1.1160      0.0633
  force              6:    4.2304       2:    4.3829      4.3144      0.0481
commHalo             2:    0.9634       6:    1.1573      1.0355      0.0634
commReduce           6:    0.1294       5:    0.1945      0.1600      0.0177

---------------------------------------------------
 Average atom update rate:       1.80 us/atom/task
---------------------------------------------------


---------------------------------------------------
 Average all atom update rate:   0.22 us/atom
---------------------------------------------------


---------------------------------------------------
 Average atom rate:              4.45 atoms/us
---------------------------------------------------

Tue Jan 20 23:10:09 2026: CoMD Ending

