{
    "time_simulated": "1:00:00",
    "num_samples": 180,
    "average_power": 5.657029384080876,
    "min_loss": 0.0,
    "average_loss": 0.0,
    "max_loss": 0.0,
    "system_power_efficiency": 0,
    "total_energy_consumed": 5.657029384080876,
    "carbon_emissions": 0,
    "total_cost": 531.7607621036024,
    "avg_concurrent_jobs_per_active_node": 1.0,
    "max_concurrent_jobs_per_node": 1
}{
    "jobs_total": 100,
    "jobs_completed": 5,
    "throughput": 5.0,
    "jobs_still_running": [
        82352,
        60918,
        18021,
        63615,
        37716,
        50627,
        64025,
        42806,
        48095,
        1300,
        26781,
        9141,
        5315
    ],
    "jobs_still_in_queue": [
        66065,
        98198,
        82175,
        90339,
        30591,
        41434,
        64547,
        84922,
        87093,
        21290,
        33089,
        88175,
        25753,
        83623,
        55638,
        97586,
        58809,
        35035,
        46698,
        25958,
        39322,
        13800,
        63164,
        79161,
        14556,
        40201,
        92384,
        38066,
        51179,
        88083,
        19692,
        31720,
        25373,
        47876,
        57237,
        27600,
        70584,
        92359,
        69596,
        8190,
        30113,
        47826,
        77787,
        97464,
        45665,
        85984,
        50851,
        58877,
        1132,
        95222,
        16953,
        79924,
        56131,
        28229,
        31902,
        34400,
        49600,
        30428,
        22278,
        98578,
        71116,
        15651,
        6672,
        29147,
        65630,
        65370,
        76478,
        67448,
        41031,
        87590,
        67287,
        55451,
        56867,
        69317,
        17991,
        71132,
        54089,
        89611,
        2082,
        83644,
        50494,
        65877
    ],
    "jobs <= 5 nodes": 4,
    "jobs <= 50 nodes": 1,
    "jobs <= 250 nodes": 0,
    "jobs <= 4500 nodes": 0,
    "jobs > 4500 nodes": 0,
    "min_job_size": 1,
    "max_job_size": 16,
    "average_job_size": 4.0,
    "min_runtime": 1047,
    "max_runtime": 3559,
    "average_runtime": 2492.4,
    "min_energy": 960761.4600000081,
    "max_energy": 30994201.44000029,
    "avg_energy": 8099788.583999945,
    "min_edp": 1005917248.6200085,
    "max_edp": 65397765038.40061,
    "avg_edp": 18639403524.07176,
    "min_edp^2": 1053195359305.1489,
    "max_edp^2": 137989284231025.28,
    "avg_edp^2": 44804999251261.45,
    "min_aggregate_node_hours": 1047,
    "max_aggregate_node_hours": 33760,
    "avg_aggregate_node_hours": 8822.4,
    "min_cpu_util": 1,
    "max_cpu_util": 1,
    "avg_cpu_util": 1.0,
    "min_gpu_util": 0.8,
    "max_gpu_util": 0.8,
    "avg_gpu_util": 0.8,
    "min_ntx_util": -1,
    "max_ntx_util": -1,
    "avg_ntx_util": -1,
    "min_nrx_util": -1,
    "max_nrx_util": -1,
    "avg_nrx_util": -1,
    "min_wait_time": 0,
    "max_wait_time": 0,
    "average_wait_time": 0.0,
    "min_turnaround_time": 1047,
    "max_turnaround_time": 3559,
    "average_turnaround_time": 2492.4,
    "min_area_weighted_response_time": 1096209,
    "max_area_weighted_response_time": 71233600,
    "area_weighted_avg_response_time": 2301.1776387377586,
    "priority_weighted_specific_response_time": 1891.2434277228206
}