{
    "time_simulated": "1:00:00",
    "num_samples": 240,
    "average_power": 21.27982766804582,
    "min_loss": 1.398785479074506,
    "average_loss": 1.3988719423483222,
    "max_loss": 1.3991783586663429,
    "system_power_efficiency": 93.42630041854665,
    "total_energy_consumed": 21.27982766804582,
    "carbon_emissions": 8.80565447808146,
    "total_cost": 2000.3038007963069,
    "avg_concurrent_jobs_per_active_node": 1.0,
    "max_concurrent_jobs_per_node": 1
}{
    "jobs_total": 100,
    "jobs_completed": 5,
    "throughput": 5.0,
    "jobs_still_running": [
        18805,
        10637,
        76942,
        60533,
        2727,
        84857,
        5473,
        76365,
        79328,
        59453,
        3924,
        31376,
        74160,
        62140
    ],
    "jobs_still_in_queue": [
        4720,
        99521,
        55654,
        80932,
        99245,
        94151,
        84020,
        92554,
        99045,
        76197,
        23491,
        21397,
        8250,
        76796,
        35971,
        31549,
        84148,
        91663,
        47525,
        22933,
        3812,
        73949,
        12049,
        59626,
        27681,
        87578,
        45038,
        40973,
        9652,
        25490,
        57154,
        32905,
        31499,
        56754,
        5913,
        53086,
        5939,
        56288,
        18224,
        40670,
        4848,
        24022,
        98131,
        53887,
        3354,
        35445,
        31117,
        67340,
        4393,
        88023,
        89940,
        69822,
        51399,
        75902,
        25868,
        82982,
        70013,
        83952,
        75571,
        46634,
        93537,
        81360,
        41217,
        55277,
        99995,
        24033,
        61958,
        50906,
        10635,
        40381,
        68379,
        47546,
        79777,
        83785,
        75637,
        8614,
        96317,
        68598,
        83652,
        3181,
        64319
    ],
    "jobs <= 5 nodes": 5,
    "jobs <= 50 nodes": 0,
    "jobs <= 250 nodes": 0,
    "jobs <= 4500 nodes": 0,
    "jobs > 4500 nodes": 0,
    "min_job_size": 1,
    "max_job_size": 4,
    "average_job_size": 2.2,
    "min_runtime": 428,
    "max_runtime": 2677,
    "average_runtime": 1071.4,
    "min_energy": 810320.2857142757,
    "max_energy": 3295466.693877745,
    "avg_energy": 2124319.8979592053,
    "min_edp": 534001068.28570765,
    "max_edp": 8821964339.510723,
    "avg_edp": 2698143405.4776435,
    "min_edp^2": 351906704000.2814,
    "max_edp^2": 23616398536870.207,
    "avg_edp^2": 5356635485259.479,
    "min_aggregate_node_hours": 659,
    "max_aggregate_node_hours": 2677,
    "avg_aggregate_node_hours": 1727.2,
    "min_cpu_util": 1,
    "max_cpu_util": 1,
    "avg_cpu_util": 1.0,
    "min_gpu_util": 0.8,
    "max_gpu_util": 0.8,
    "avg_gpu_util": 0.8,
    "min_ntx_util": -1,
    "max_ntx_util": -1,
    "avg_ntx_util": -1,
    "min_nrx_util": -1,
    "max_nrx_util": -1,
    "avg_nrx_util": -1,
    "min_wait_time": 0,
    "max_wait_time": 0,
    "average_wait_time": 0.0,
    "min_turnaround_time": 428,
    "max_turnaround_time": 2677,
    "average_turnaround_time": 1071.4,
    "min_area_weighted_response_time": 434281,
    "max_area_weighted_response_time": 7166329,
    "area_weighted_avg_response_time": 1269.5032422417787,
    "priority_weighted_specific_response_time": 1833.7795390287001
}