{
    "time_simulated": "1:00:00",
    "num_samples": 240,
    "average_power": 19.452987009278395,
    "min_loss": 1.2907229753492768,
    "average_loss": 1.2907229753492815,
    "max_loss": 1.2907229753492768,
    "system_power_efficiency": 93.36491113301186,
    "total_energy_consumed": 19.452987009278395,
    "carbon_emissions": 8.05499534844825,
    "total_cost": 1828.5807788721693,
    "avg_concurrent_jobs_per_active_node": 1.0,
    "max_concurrent_jobs_per_node": 1
}{
    "jobs_total": 100,
    "jobs_completed": 0,
    "throughput": 0.0,
    "jobs_still_running": [
        46931,
        14920,
        32540,
        79517,
        69815,
        81126,
        95927,
        89276,
        68223,
        14104
    ],
    "jobs_still_in_queue": [
        5375,
        15247,
        59734,
        99442,
        28639,
        86440,
        84668,
        91896,
        95825,
        75020,
        21777,
        78780,
        72278,
        14522,
        58831,
        23835,
        83647,
        98594,
        3884,
        16977,
        52367,
        33380,
        61726,
        71058,
        99855,
        83567,
        34578,
        20301,
        67999,
        16041,
        19984,
        62722,
        44880,
        21073,
        86240,
        21077,
        95053,
        36306,
        7132,
        9613,
        76678,
        39253,
        70604,
        15162,
        99882,
        98477,
        78071,
        19534,
        21850,
        84145,
        66507,
        80831,
        47476,
        2538,
        40776,
        74332,
        33662,
        89603,
        56540,
        2321,
        81368,
        25289,
        21253,
        41132,
        18759,
        78023,
        58039,
        55218,
        70285,
        17047,
        31058,
        8119,
        36037,
        36171,
        78687,
        71171,
        43306,
        91671,
        85505,
        16330,
        33036,
        90743,
        97156,
        74107,
        3066,
        57519,
        92760,
        96913,
        65030,
        14493
    ],
    "jobs <= 5 nodes": 0,
    "jobs <= 50 nodes": 0,
    "jobs <= 250 nodes": 0,
    "jobs <= 4500 nodes": 0,
    "jobs > 4500 nodes": 0,
    "min_job_size": -1,
    "max_job_size": -1,
    "average_job_size": -1,
    "min_runtime": -1,
    "max_runtime": -1,
    "average_runtime": -1,
    "min_energy": -1,
    "max_energy": -1,
    "avg_energy": -1,
    "min_edp": -1,
    "max_edp": -1,
    "avg_edp": -1,
    "min_edp^2": -1,
    "max_edp^2": -1,
    "avg_edp^2": -1,
    "min_aggregate_node_hours": -1,
    "max_aggregate_node_hours": -1,
    "avg_aggregate_node_hours": -1,
    "min_cpu_util": -1,
    "max_cpu_util": -1,
    "avg_cpu_util": -1,
    "min_gpu_util": -1,
    "max_gpu_util": -1,
    "avg_gpu_util": -1,
    "min_ntx_util": -1,
    "max_ntx_util": -1,
    "avg_ntx_util": -1,
    "min_nrx_util": -1,
    "max_nrx_util": -1,
    "avg_nrx_util": -1,
    "min_wait_time": -1,
    "max_wait_time": -1,
    "average_wait_time": -1,
    "min_turnaround_time": -1,
    "max_turnaround_time": -1,
    "average_turnaround_time": -1,
    "min_area_weighted_response_time": -1,
    "max_area_weighted_response_time": -1,
    "area_weighted_avg_response_time": -1,
    "priority_weighted_specific_response_time": -1
}