{
    "time_simulated": "1:00:00",
    "num_samples": 240,
    "average_power": 14.760362921906324,
    "min_loss": 0.6291220730576929,
    "average_loss": 1.0129196293768556,
    "max_loss": 1.078647367942758,
    "system_power_efficiency": 93.13756961982588,
    "total_energy_consumed": 14.760362921906324,
    "carbon_emissions": 6.126815751283335,
    "total_cost": 1387.4741146591946,
    "avg_concurrent_jobs_per_active_node": 1.0,
    "max_concurrent_jobs_per_node": 1
}{
    "jobs_total": 26,
    "jobs_completed": 0,
    "throughput": 0.0,
    "jobs_still_running": [
        0,
        1,
        2,
        3,
        4,
        5,
        7,
        11,
        12
    ],
    "jobs_still_in_queue": [
        6,
        8,
        9,
        10,
        13,
        14,
        15,
        16,
        17,
        18,
        19,
        20,
        21,
        22,
        23,
        24,
        25
    ],
    "jobs <= 5 nodes": 0,
    "jobs <= 50 nodes": 0,
    "jobs <= 250 nodes": 0,
    "jobs <= 4500 nodes": 0,
    "jobs > 4500 nodes": 0,
    "min_job_size": -1,
    "max_job_size": -1,
    "average_job_size": -1,
    "min_runtime": -1,
    "max_runtime": -1,
    "average_runtime": -1,
    "min_energy": -1,
    "max_energy": -1,
    "avg_energy": -1,
    "min_edp": -1,
    "max_edp": -1,
    "avg_edp": -1,
    "min_edp^2": -1,
    "max_edp^2": -1,
    "avg_edp^2": -1,
    "min_aggregate_node_hours": -1,
    "max_aggregate_node_hours": -1,
    "avg_aggregate_node_hours": -1,
    "min_cpu_util": -1,
    "max_cpu_util": -1,
    "avg_cpu_util": -1,
    "min_gpu_util": -1,
    "max_gpu_util": -1,
    "avg_gpu_util": -1,
    "min_ntx_util": -1,
    "max_ntx_util": -1,
    "avg_ntx_util": -1,
    "min_nrx_util": -1,
    "max_nrx_util": -1,
    "avg_nrx_util": -1,
    "min_wait_time": -1,
    "max_wait_time": -1,
    "average_wait_time": -1,
    "min_turnaround_time": -1,
    "max_turnaround_time": -1,
    "average_turnaround_time": -1,
    "min_area_weighted_response_time": -1,
    "max_area_weighted_response_time": -1,
    "area_weighted_avg_response_time": -1,
    "priority_weighted_specific_response_time": -1
}