Tue Jan 20 23:06:54 2026: Starting Initialization


Mini-Application Name    : CoMD-mpi
Mini-Application Version : 1.1
Platform:
  hostname: 6ba87c583b5c
  kernel name: 'Linux'
  kernel release: '6.12.54-linuxkit'
  processor: 'unknown'
Build:
  CC: '/usr/bin/mpicc'
  compiler version: 'gcc (Debian 14.2.0-19) 14.2.0'
  CFLAGS: '-std=c99 -DDOUBLE -DDO_MPI -O2'
  LDFLAGS: ' -lm '
  using MPI: true
  Threading: none
  Double Precision: true
Run Date/Time: 2026-01-20, 23:06:54

Command Line Parameters:
  doeam: 0
  potDir: pots
  potName: Cu_u6.eam
  potType: funcfl
  nx: 40
  ny: 40
  nz: 40
  xproc: 2
  yproc: 2
  zproc: 2
  Lattice constant: -1 Angstroms
  nSteps: 100
  printRate: 10
  Time step: 1 fs
  Initial Temperature: 600 K
  Initial Delta: 0 Angstroms

Simulation data: 
  Total atoms        : 256000
  Min global bounds  : [   0.0000000000,   0.0000000000,   0.0000000000 ]
  Max global bounds  : [ 144.6000000000, 144.6000000000, 144.6000000000 ]

Decomposition data: 
  Processors         :      2,     2,     2
  Local boxes        :     12,    12,    12 =     1728
  Box size           : [   6.0250000000,   6.0250000000,   6.0250000000 ]
  Box factor         : [   1.0410367171,   1.0410367171,   1.0410367171 ] 
  Max Link Cell Occupancy: 32 of 64

Potential data: 
  Potential type   : Lennard-Jones
  Species name     : Cu
  Atomic number    : 29
  Mass             : 63.55 amu
  Lattice Type     : FCC
  Lattice spacing  : 3.615 Angstroms
  Cutoff           : 5.7875 Angstroms
  Epsilon          : 0.167 eV
  Sigma            : 2.315 Angstroms

Memory data: 
  Intrinsic atom footprint =   88 B/atom 
  Total atom footprint     =  21.484 MB (  2.69 MB/node)
  Link cell atom footprint =   9.281 MB/node
  Link cell atom footprint =  14.738 MB/node (including halo cell data


Initial energy : -1.166063303458, atom count : 256000 

Tue Jan 20 23:06:54 2026: Initialization Finished

Tue Jan 20 23:06:54 2026: Starting simulation

#                                                                                         Performance
#  Loop   Time(fs)       Total Energy   Potential Energy     Kinetic Energy  Temperature   (us/atom)     # Atoms
      0       0.00    -1.166063303458    -1.243619295058     0.077555991600     600.0000     0.0000       256000
     10      10.00    -1.166059671302    -1.233152596044     0.067092924741     519.0541     1.4290       256000
     20      20.00    -1.166048444584    -1.208161794319     0.042113349735     325.8035     1.7951       256000
     30      30.00    -1.166037581449    -1.186571716247     0.020534134797     158.8592     1.6794       256000
     40      40.00    -1.166042139511    -1.183655183678     0.017613044167     136.2606     1.9033       256000
     50      50.00    -1.166051731640    -1.193748648207     0.027696916567     214.2729     1.9884       256000
     60      60.00    -1.166054642856    -1.202645604514     0.036590961658     283.0803     1.4988       256000
     70      70.00    -1.166052104338    -1.204856516141     0.038804411803     300.2044     1.6251       256000
     80      80.00    -1.166048785824    -1.203606172709     0.037557386886     290.5569     1.8748       256000
     90      90.00    -1.166048047012    -1.203854970624     0.037806923612     292.4874     1.8679       256000
    100     100.00    -1.166049848389    -1.206925106266     0.040875257877     316.2251     1.8613       256000
Tue Jan 20 23:07:00 2026: Ending simulation



Simulation Validation:
  Initial energy  : -1.166063303458
  Final energy    : -1.166049848389
  eFinal/eInitial : 0.999988
  Final atom count : 256000, no atoms lost


Timings for Rank 0
        Timer        # Calls    Avg/Call (s)   Total (s)    % Loop
___________________________________________________________________
total                      1       5.6680        5.6680      101.07
loop                       1       5.6081        5.6081      100.00
timestep                  10       0.5607        5.6074       99.99
  position               100       0.0003        0.0252        0.45
  velocity               200       0.0001        0.0296        0.53
  redistribute           101       0.0137        1.3793       24.59
    atomHalo             101       0.0120        1.2083       21.55
  force                  101       0.0407        4.1060       73.22
commHalo                 303       0.0037        1.1348       20.24
commReduce                39       0.0028        0.1096        1.95

Timing Statistics Across 8 Ranks:
        Timer        Rank: Min(s)       Rank: Max(s)      Avg(s)    Stdev(s)
_____________________________________________________________________________
total                6:    5.6679       0:    5.6680      5.6679      0.0000
loop                 7:    5.6081       1:    5.6081      5.6081      0.0000
timestep             0:    5.6074       1:    5.6080      5.6078      0.0002
  position           7:    0.0248       5:    0.0303      0.0262      0.0017
  velocity           7:    0.0291       1:    0.0334      0.0306      0.0013
  redistribute       5:    1.3152       7:    1.5684      1.4565      0.1010
    atomHalo         5:    1.1340       1:    1.4091      1.2821      0.1055
  force              1:    3.8947       5:    4.1672      4.0268      0.0973
commHalo             3:    1.0585       1:    1.3378      1.2080      0.1055
commReduce           6:    0.0619       2:    0.1500      0.1129      0.0248

---------------------------------------------------
 Average atom update rate:       1.75 us/atom/task
---------------------------------------------------


---------------------------------------------------
 Average all atom update rate:   0.22 us/atom
---------------------------------------------------


---------------------------------------------------
 Average atom rate:              4.57 atoms/us
---------------------------------------------------

Tue Jan 20 23:07:00 2026: CoMD Ending

