{
    "time_simulated": "1:00:00",
    "num_samples": 180,
    "average_power": 5.548290330471986,
    "min_loss": 0.0,
    "average_loss": 0.0,
    "max_loss": 0.0,
    "system_power_efficiency": 0,
    "total_energy_consumed": 5.548290330471986,
    "carbon_emissions": 0,
    "total_cost": 521.5392910643667,
    "avg_concurrent_jobs_per_active_node": 1.0,
    "max_concurrent_jobs_per_node": 1
}{
    "jobs_total": 100,
    "jobs_completed": 2,
    "throughput": 2.0,
    "jobs_still_running": [
        42756,
        16956,
        24739,
        40216,
        82412
    ],
    "jobs_still_in_queue": [
        34924,
        68379,
        19344,
        72423,
        97636,
        67197,
        13590,
        21077,
        66828,
        48131,
        84990,
        81021,
        25569,
        66500,
        65623,
        64808,
        62020,
        14805,
        88016,
        89517,
        29665,
        95202,
        14536,
        34374,
        55798,
        62326,
        81558,
        83053,
        64415,
        67878,
        68275,
        56600,
        50619,
        65463,
        77577,
        48535,
        61710,
        18510,
        68657,
        66460,
        45454,
        140,
        20988,
        14840,
        37752,
        9264,
        26668,
        45900,
        52636,
        13043,
        9040,
        63968,
        90000,
        47184,
        10643,
        67548,
        3195,
        26077,
        9436,
        83517,
        8,
        32832,
        73572,
        65696,
        18377,
        40433,
        83220,
        39969,
        65125,
        91025,
        40788,
        39999,
        56733,
        97423,
        37260,
        64596,
        68758,
        27449,
        83205,
        82182,
        6419,
        56348,
        86355,
        95510,
        98151,
        78951,
        59515,
        37064,
        87738,
        76199,
        53037,
        4662,
        99327
    ],
    "jobs <= 5 nodes": 0,
    "jobs <= 50 nodes": 0,
    "jobs <= 250 nodes": 2,
    "jobs <= 4500 nodes": 0,
    "jobs > 4500 nodes": 0,
    "min_job_size": 128,
    "max_job_size": 128,
    "average_job_size": 128.0,
    "min_runtime": 873,
    "max_runtime": 2706,
    "average_runtime": 1789.5,
    "min_energy": 102520412.16000083,
    "max_energy": 318024902.39998716,
    "avg_energy": 210272657.279994,
    "min_edp": 89500319815.68073,
    "max_edp": 860575385894.3652,
    "avg_edp": 475037852855.02295,
    "min_edp^2": 78133779199089.27,
    "max_edp^2": 2328716994230152.5,
    "avg_edp^2": 1203425386714621.0,
    "min_aggregate_node_hours": 111744,
    "max_aggregate_node_hours": 346368,
    "avg_aggregate_node_hours": 229056.0,
    "min_cpu_util": 1,
    "max_cpu_util": 1,
    "avg_cpu_util": 1.0,
    "min_gpu_util": 0.8,
    "max_gpu_util": 0.8,
    "avg_gpu_util": 0.8,
    "min_ntx_util": -1,
    "max_ntx_util": -1,
    "avg_ntx_util": -1,
    "min_nrx_util": -1,
    "max_nrx_util": -1,
    "avg_nrx_util": -1,
    "min_wait_time": 0,
    "max_wait_time": 2706,
    "average_wait_time": 1353.0,
    "min_turnaround_time": 2706,
    "max_turnaround_time": 3579,
    "average_turnaround_time": 3142.5,
    "min_area_weighted_response_time": 399931776,
    "max_area_weighted_response_time": 937271808,
    "area_weighted_avg_response_time": 2918.9446772841575,
    "priority_weighted_specific_response_time": 2684.25
}