{
    "time_simulated": "1:00:00",
    "num_samples": 180,
    "average_power": 5.378832065197795,
    "min_loss": 0.0,
    "average_loss": 0.0,
    "max_loss": 0.0,
    "system_power_efficiency": 0,
    "total_energy_consumed": 5.378832065197795,
    "carbon_emissions": 0,
    "total_cost": 505.6102141285927,
    "avg_concurrent_jobs_per_active_node": 1.0,
    "max_concurrent_jobs_per_node": 1
}{
    "jobs_total": 100,
    "jobs_completed": 5,
    "throughput": 5.0,
    "jobs_still_running": [
        32199,
        10383,
        53262,
        40341,
        10193,
        87330,
        93285,
        76553
    ],
    "jobs_still_in_queue": [
        70334,
        52049,
        10322,
        36951,
        65420,
        79295,
        35534,
        81599,
        88879,
        6359,
        82047,
        10984,
        80756,
        96170,
        40060,
        63674,
        89778,
        75919,
        13777,
        31838,
        51424,
        11101,
        11283,
        40172,
        76862,
        45623,
        36202,
        6195,
        30321,
        13835,
        41772,
        77509,
        41537,
        85699,
        48753,
        97598,
        26249,
        52497,
        35395,
        12961,
        79802,
        76134,
        63523,
        11438,
        99647,
        11541,
        34823,
        51477,
        31903,
        88117,
        82541,
        65389,
        50843,
        31827,
        42408,
        22130,
        11689,
        87272,
        64822,
        70942,
        11861,
        44158,
        95522,
        12273,
        17271,
        23547,
        37835,
        22114,
        7789,
        28789,
        72190,
        49562,
        25683,
        17595,
        63150,
        93421,
        71124,
        19763,
        35699,
        49195,
        94121,
        98,
        84226,
        58926,
        95259,
        29052,
        32198
    ],
    "jobs <= 5 nodes": 1,
    "jobs <= 50 nodes": 4,
    "jobs <= 250 nodes": 0,
    "jobs <= 4500 nodes": 0,
    "jobs > 4500 nodes": 0,
    "min_job_size": 2,
    "max_job_size": 32,
    "average_job_size": 21.2,
    "min_runtime": 1553,
    "max_runtime": 3248,
    "average_runtime": 2588.2,
    "min_energy": 4836873.659999832,
    "max_energy": 95436863.03999293,
    "avg_energy": 47477781.89999821,
    "min_edp": 12740325220.439556,
    "max_edp": 309978931153.89703,
    "avg_edp": 125198201413.17017,
    "min_edp^2": 33558016630637.793,
    "max_edp^2": 1006811568387857.5,
    "avg_edp^2": 350813696621255.7,
    "min_aggregate_node_hours": 5268,
    "max_aggregate_node_hours": 103936,
    "avg_aggregate_node_hours": 51711.2,
    "min_cpu_util": 1,
    "max_cpu_util": 1,
    "avg_cpu_util": 1.0,
    "min_gpu_util": 0.8,
    "max_gpu_util": 0.8,
    "avg_gpu_util": 0.8,
    "min_ntx_util": -1,
    "max_ntx_util": -1,
    "avg_ntx_util": -1,
    "min_nrx_util": -1,
    "max_nrx_util": -1,
    "avg_nrx_util": -1,
    "min_wait_time": 0,
    "max_wait_time": 0,
    "average_wait_time": 0.0,
    "min_turnaround_time": 1553,
    "max_turnaround_time": 3248,
    "average_turnaround_time": 2588.2,
    "min_area_weighted_response_time": 13875912,
    "max_area_weighted_response_time": 337584128,
    "area_weighted_avg_response_time": 2636.9039743807916,
    "priority_weighted_specific_response_time": 2195.935411561092
}