{
    "time_simulated": "1:00:00",
    "num_samples": 180,
    "average_power": 5.69494208591734,
    "min_loss": 0.0,
    "average_loss": 0.0,
    "max_loss": 0.0,
    "system_power_efficiency": 0,
    "total_energy_consumed": 5.69494208591734,
    "carbon_emissions": 0,
    "total_cost": 535.3245560762299,
    "avg_concurrent_jobs_per_active_node": 1.0,
    "max_concurrent_jobs_per_node": 1
}{
    "jobs_total": 100,
    "jobs_completed": 0,
    "throughput": 0.0,
    "jobs_still_running": [
        70621,
        59212,
        25752,
        55510
    ],
    "jobs_still_in_queue": [
        45991,
        26476,
        88588,
        41123,
        76446,
        90742,
        84781,
        25979,
        34402,
        72270,
        24683,
        14948,
        90709,
        28895,
        99592,
        2607,
        32389,
        21239,
        36895,
        18517,
        27604,
        89697,
        89870,
        72751,
        22685,
        8267,
        56504,
        7946,
        95132,
        18805,
        30020,
        58494,
        61268,
        72028,
        27201,
        50044,
        26021,
        80442,
        90439,
        80606,
        82352,
        74383,
        37748,
        37274,
        85604,
        32224,
        96642,
        46802,
        28626,
        93826,
        64127,
        38507,
        23729,
        53869,
        6386,
        96292,
        72282,
        69913,
        24038,
        83982,
        64134,
        3423,
        6302,
        84349,
        95767,
        93405,
        86722,
        19136,
        90981,
        34668,
        43240,
        57410,
        48726,
        42854,
        33529,
        39981,
        67746,
        50589,
        31334,
        87509,
        12031,
        73470,
        66525,
        37717,
        82205,
        72573,
        61830,
        60646,
        65889,
        21670,
        30419,
        36599,
        9449,
        18215,
        51162,
        97445
    ],
    "jobs <= 5 nodes": 0,
    "jobs <= 50 nodes": 0,
    "jobs <= 250 nodes": 0,
    "jobs <= 4500 nodes": 0,
    "jobs > 4500 nodes": 0,
    "min_job_size": -1,
    "max_job_size": -1,
    "average_job_size": -1,
    "min_runtime": -1,
    "max_runtime": -1,
    "average_runtime": -1,
    "min_energy": -1,
    "max_energy": -1,
    "avg_energy": -1,
    "min_edp": -1,
    "max_edp": -1,
    "avg_edp": -1,
    "min_edp^2": -1,
    "max_edp^2": -1,
    "avg_edp^2": -1,
    "min_aggregate_node_hours": -1,
    "max_aggregate_node_hours": -1,
    "avg_aggregate_node_hours": -1,
    "min_cpu_util": -1,
    "max_cpu_util": -1,
    "avg_cpu_util": -1,
    "min_gpu_util": -1,
    "max_gpu_util": -1,
    "avg_gpu_util": -1,
    "min_ntx_util": -1,
    "max_ntx_util": -1,
    "avg_ntx_util": -1,
    "min_nrx_util": -1,
    "max_nrx_util": -1,
    "avg_nrx_util": -1,
    "min_wait_time": -1,
    "max_wait_time": -1,
    "average_wait_time": -1,
    "min_turnaround_time": -1,
    "max_turnaround_time": -1,
    "average_turnaround_time": -1,
    "min_area_weighted_response_time": -1,
    "max_area_weighted_response_time": -1,
    "area_weighted_avg_response_time": -1,
    "priority_weighted_specific_response_time": -1
}