{
    "time_simulated": "1:00:00",
    "num_samples": 240,
    "average_power": 20.340470346823448,
    "min_loss": 1.3423536036938528,
    "average_loss": 1.3432619889319506,
    "max_loss": 1.343817973081608,
    "system_power_efficiency": 93.39611146631265,
    "total_energy_consumed": 20.340470346823448,
    "carbon_emissions": 8.419666347861067,
    "total_cost": 1912.004212601404,
    "avg_concurrent_jobs_per_active_node": 1.0,
    "max_concurrent_jobs_per_node": 1
}{
    "jobs_total": 100,
    "jobs_completed": 7,
    "throughput": 7.0,
    "jobs_still_running": [
        43690,
        21013,
        70837,
        58241,
        57284,
        69773,
        48788,
        15550,
        78823,
        54819,
        80986,
        49716
    ],
    "jobs_still_in_queue": [
        9197,
        27131,
        24481,
        57693,
        83383,
        19123,
        99993,
        65734,
        42038,
        53925,
        23461,
        67541,
        90740,
        27432,
        70342,
        52846,
        51498,
        22085,
        46413,
        25551,
        89777,
        69124,
        80691,
        51514,
        89430,
        75793,
        32642,
        6238,
        59075,
        59832,
        10901,
        78888,
        40244,
        63896,
        59342,
        78315,
        43242,
        28446,
        93296,
        47417,
        38488,
        66749,
        16493,
        67775,
        7023,
        52043,
        30464,
        95819,
        47032,
        56708,
        8892,
        85314,
        17242,
        51784,
        809,
        77454,
        85195,
        72953,
        93646,
        41192,
        4133,
        6980,
        77885,
        22185,
        57670,
        15460,
        6834,
        94183,
        99220,
        46747,
        45048,
        10781,
        50943,
        76656,
        63598,
        65285,
        33641,
        44033,
        91074,
        26141,
        23798
    ],
    "jobs <= 5 nodes": 5,
    "jobs <= 50 nodes": 2,
    "jobs <= 250 nodes": 0,
    "jobs <= 4500 nodes": 0,
    "jobs > 4500 nodes": 0,
    "min_job_size": 1,
    "max_job_size": 16,
    "average_job_size": 5.857142857142857,
    "min_runtime": 446,
    "max_runtime": 3568,
    "average_runtime": 2409.285714285714,
    "min_energy": 2192051.836734674,
    "max_energy": 46973946.77551232,
    "avg_energy": 16081145.609330188,
    "min_edp": 977655119.1836646,
    "max_edp": 112032863059.5969,
    "avg_edp": 38857403013.48293,
    "min_edp^2": 436034183155.9144,
    "max_edp^2": 267198378397138.6,
    "avg_edp^2": 96729005808187.84,
    "min_aggregate_node_hours": 1784,
    "max_aggregate_node_hours": 38160,
    "avg_aggregate_node_hours": 13064.142857142857,
    "min_cpu_util": 1,
    "max_cpu_util": 1,
    "avg_cpu_util": 1.0,
    "min_gpu_util": 0.8,
    "max_gpu_util": 0.8,
    "avg_gpu_util": 0.7999999999999999,
    "min_ntx_util": -1,
    "max_ntx_util": -1,
    "avg_ntx_util": -1,
    "min_nrx_util": -1,
    "max_nrx_util": -1,
    "avg_nrx_util": -1,
    "min_wait_time": 0,
    "max_wait_time": 0,
    "average_wait_time": 0.0,
    "min_turnaround_time": 446,
    "max_turnaround_time": 3568,
    "average_turnaround_time": 2409.285714285714,
    "min_area_weighted_response_time": 795664,
    "max_area_weighted_response_time": 91011600,
    "area_weighted_avg_response_time": 2416.2496801495918,
    "priority_weighted_specific_response_time": 1910.5249387460415
}