{
    "time_simulated": "1:00:00",
    "num_samples": 180,
    "average_power": 5.405420774113124,
    "min_loss": 0.0,
    "average_loss": 0.0,
    "max_loss": 0.0,
    "system_power_efficiency": 0,
    "total_energy_consumed": 5.405420774113124,
    "carbon_emissions": 0,
    "total_cost": 508.10955276663367,
    "avg_concurrent_jobs_per_active_node": 1.0,
    "max_concurrent_jobs_per_node": 1
}{
    "jobs_total": 100,
    "jobs_completed": 0,
    "throughput": 0.0,
    "jobs_still_running": [
        82995,
        48661,
        68363,
        50906,
        49882
    ],
    "jobs_still_in_queue": [
        59948,
        26833,
        56983,
        12998,
        71047,
        13226,
        34205,
        50006,
        43792,
        91244,
        24529,
        43157,
        31650,
        99049,
        81182,
        86823,
        61301,
        64334,
        81713,
        8725,
        46020,
        35971,
        64888,
        63805,
        79955,
        48284,
        83729,
        40429,
        24802,
        23083,
        86094,
        81544,
        27717,
        84216,
        89483,
        63495,
        29595,
        38180,
        10414,
        40799,
        40945,
        24298,
        42134,
        79829,
        71449,
        8876,
        75786,
        25869,
        4399,
        9248,
        16026,
        89957,
        40993,
        74535,
        69041,
        34251,
        63664,
        40028,
        62816,
        34390,
        31302,
        94997,
        49443,
        79544,
        18045,
        58454,
        92774,
        61598,
        61282,
        51185,
        70991,
        11412,
        23258,
        61070,
        92557,
        91475,
        31733,
        65282,
        28088,
        85753,
        67102,
        27200,
        13180,
        27439,
        25985,
        37990,
        55996,
        44081,
        82995,
        83729,
        27615,
        84373,
        17376,
        77373,
        27846
    ],
    "jobs <= 5 nodes": 0,
    "jobs <= 50 nodes": 0,
    "jobs <= 250 nodes": 0,
    "jobs <= 4500 nodes": 0,
    "jobs > 4500 nodes": 0,
    "min_job_size": -1,
    "max_job_size": -1,
    "average_job_size": -1,
    "min_runtime": -1,
    "max_runtime": -1,
    "average_runtime": -1,
    "min_energy": -1,
    "max_energy": -1,
    "avg_energy": -1,
    "min_edp": -1,
    "max_edp": -1,
    "avg_edp": -1,
    "min_edp^2": -1,
    "max_edp^2": -1,
    "avg_edp^2": -1,
    "min_aggregate_node_hours": -1,
    "max_aggregate_node_hours": -1,
    "avg_aggregate_node_hours": -1,
    "min_cpu_util": -1,
    "max_cpu_util": -1,
    "avg_cpu_util": -1,
    "min_gpu_util": -1,
    "max_gpu_util": -1,
    "avg_gpu_util": -1,
    "min_ntx_util": -1,
    "max_ntx_util": -1,
    "avg_ntx_util": -1,
    "min_nrx_util": -1,
    "max_nrx_util": -1,
    "avg_nrx_util": -1,
    "min_wait_time": -1,
    "max_wait_time": -1,
    "average_wait_time": -1,
    "min_turnaround_time": -1,
    "max_turnaround_time": -1,
    "average_turnaround_time": -1,
    "min_area_weighted_response_time": -1,
    "max_area_weighted_response_time": -1,
    "area_weighted_avg_response_time": -1,
    "priority_weighted_specific_response_time": -1
}