Wed Jan 21 21:47:17 2026: Starting Initialization


Mini-Application Name    : CoMD-mpi
Mini-Application Version : 1.1
Platform:
  hostname: 6ba87c583b5c
  kernel name: 'Linux'
  kernel release: '6.12.54-linuxkit'
  processor: 'unknown'
Build:
  CC: '/usr/bin/mpicc'
  compiler version: 'gcc (Debian 14.2.0-19) 14.2.0'
  CFLAGS: '-std=c99 -DDOUBLE -DDO_MPI -O2'
  LDFLAGS: ' -lm '
  using MPI: true
  Threading: none
  Double Precision: true
Run Date/Time: 2026-01-21, 21:47:17

Command Line Parameters:
  doeam: 0
  potDir: pots
  potName: Cu_u6.eam
  potType: funcfl
  nx: 40
  ny: 40
  nz: 40
  xproc: 4
  yproc: 4
  zproc: 4
  Lattice constant: -1 Angstroms
  nSteps: 100
  printRate: 10
  Time step: 1 fs
  Initial Temperature: 600 K
  Initial Delta: 0 Angstroms

Simulation data: 
  Total atoms        : 256000
  Min global bounds  : [   0.0000000000,   0.0000000000,   0.0000000000 ]
  Max global bounds  : [ 144.6000000000, 144.6000000000, 144.6000000000 ]

Decomposition data: 
  Processors         :      4,     4,     4
  Local boxes        :      6,     6,     6 =      216
  Box size           : [   6.0250000000,   6.0250000000,   6.0250000000 ]
  Box factor         : [   1.0410367171,   1.0410367171,   1.0410367171 ] 
  Max Link Cell Occupancy: 32 of 64

Potential data: 
  Potential type   : Lennard-Jones
  Species name     : Cu
  Atomic number    : 29
  Mass             : 63.55 amu
  Lattice Type     : FCC
  Lattice spacing  : 3.615 Angstroms
  Cutoff           : 5.7875 Angstroms
  Epsilon          : 0.167 eV
  Sigma            : 2.315 Angstroms

Memory data: 
  Intrinsic atom footprint =   88 B/atom 
  Total atom footprint     =  21.484 MB (  0.34 MB/node)
  Link cell atom footprint =   1.160 MB/node
  Link cell atom footprint =   2.750 MB/node (including halo cell data


Initial energy : -1.166063303478, atom count : 256000 

Wed Jan 21 21:47:17 2026: Initialization Finished

Wed Jan 21 21:47:17 2026: Starting simulation

#                                                                                         Performance
#  Loop   Time(fs)       Total Energy   Potential Energy     Kinetic Energy  Temperature   (us/atom)     # Atoms
      0       0.00    -1.166063303478    -1.243619295078     0.077555991600     600.0000     0.0000       256000
     10      10.00    -1.166059671302    -1.233152596044     0.067092924741     519.0541    31.5395       256000
     20      20.00    -1.166048444584    -1.208161794319     0.042113349735     325.8035    45.3146       256000
     30      30.00    -1.166037581449    -1.186571716247     0.020534134797     158.8592    30.2383       256000
     40      40.00    -1.166042139511    -1.183655183678     0.017613044167     136.2606    50.9566       256000
     50      50.00    -1.166051731640    -1.193748648207     0.027696916567     214.2729    33.8498       256000
     60      60.00    -1.166054642856    -1.202645604514     0.036590961658     283.0803    45.8075       256000
     70      70.00    -1.166052104338    -1.204856516141     0.038804411803     300.2044    43.6814       256000
     80      80.00    -1.166048785824    -1.203606172709     0.037557386886     290.5569    43.7126       256000
     90      90.00    -1.166048047012    -1.203854970624     0.037806923612     292.4874    33.0834       256000
    100     100.00    -1.166049848389    -1.206925106266     0.040875257877     316.2251    29.7912       256000
Wed Jan 21 21:47:33 2026: Ending simulation



Simulation Validation:
  Initial energy  : -1.166063303478
  Final energy    : -1.166049848389
  eFinal/eInitial : 0.999988
  Final atom count : 256000, no atoms lost


Timings for Rank 0
        Timer        # Calls    Avg/Call (s)   Total (s)    % Loop
___________________________________________________________________
total                      1      16.0790       16.0790      102.18
loop                       1      15.7356       15.7356      100.00
timestep                  10       1.5519       15.5190       98.62
  position               100       0.0000        0.0040        0.03
  velocity               200       0.0000        0.0044        0.03
  redistribute           101       0.1402       14.1613       89.99
    atomHalo             101       0.1399       14.1262       89.77
  force                  101       0.0076        0.7660        4.87
commHalo                 303       0.0465       14.1046       89.63
commReduce                39       0.0333        1.2994        8.26

Timing Statistics Across 64 Ranks:
        Timer        Rank: Min(s)       Rank: Max(s)      Avg(s)    Stdev(s)
_____________________________________________________________________________
total               25:   16.0528      56:   16.0797     16.0785      0.0035
loop                53:   15.7236      18:   15.7611     15.7335      0.0104
timestep             9:   15.4625      32:   15.5601     15.5004      0.0212
  position          34:    0.0020      16:    0.0252      0.0040      0.0046
  velocity           7:    0.0023       6:    0.0568      0.0058      0.0096
  redistribute      57:   13.5130      47:   14.4049     13.9395      0.2005
    atomHalo        57:   13.4894      47:   14.3840     13.9093      0.1997
  force             47:    0.6426      16:    1.3537      0.9521      0.1836
commHalo            57:   13.4213      47:   14.3654     13.8748      0.2067
commReduce          15:    1.1515      52:    1.5821      1.3544      0.0997

---------------------------------------------------
 Average atom update rate:      38.75 us/atom/task
---------------------------------------------------


---------------------------------------------------
 Average all atom update rate:   0.61 us/atom
---------------------------------------------------


---------------------------------------------------
 Average atom rate:              1.65 atoms/us
---------------------------------------------------

Wed Jan 21 21:47:33 2026: CoMD Ending

