{
    "time_simulated": "1:00:00",
    "num_samples": 180,
    "average_power": 5.886778793867009,
    "min_loss": 0.0,
    "average_loss": 0.0,
    "max_loss": 0.0,
    "system_power_efficiency": 0,
    "total_energy_consumed": 5.886778793867009,
    "carbon_emissions": 0,
    "total_cost": 553.3572066234989,
    "avg_concurrent_jobs_per_active_node": 1.0,
    "max_concurrent_jobs_per_node": 1
}{
    "jobs_total": 100,
    "jobs_completed": 0,
    "throughput": 0.0,
    "jobs_still_running": [
        0,
        2,
        3,
        89
    ],
    "jobs_still_in_queue": [
        1,
        4,
        5,
        6,
        7,
        8,
        9,
        10,
        11,
        12,
        13,
        14,
        15,
        16,
        17,
        18,
        19,
        20,
        21,
        22,
        23,
        24,
        25,
        26,
        27,
        28,
        29,
        30,
        31,
        32,
        33,
        34,
        35,
        36,
        37,
        38,
        39,
        40,
        41,
        42,
        43,
        44,
        45,
        46,
        47,
        48,
        49,
        50,
        51,
        52,
        53,
        54,
        55,
        56,
        57,
        58,
        59,
        60,
        61,
        62,
        63,
        64,
        65,
        66,
        67,
        68,
        69,
        70,
        71,
        72,
        73,
        74,
        75,
        76,
        77,
        78,
        79,
        80,
        81,
        82,
        83,
        84,
        85,
        86,
        87,
        88,
        90,
        91,
        92,
        93,
        94,
        95,
        96,
        97,
        98,
        99
    ],
    "jobs <= 5 nodes": 0,
    "jobs <= 50 nodes": 0,
    "jobs <= 250 nodes": 0,
    "jobs <= 4500 nodes": 0,
    "jobs > 4500 nodes": 0,
    "min_job_size": -1,
    "max_job_size": -1,
    "average_job_size": -1,
    "min_runtime": -1,
    "max_runtime": -1,
    "average_runtime": -1,
    "min_energy": -1,
    "max_energy": -1,
    "avg_energy": -1,
    "min_edp": -1,
    "max_edp": -1,
    "avg_edp": -1,
    "min_edp^2": -1,
    "max_edp^2": -1,
    "avg_edp^2": -1,
    "min_aggregate_node_hours": -1,
    "max_aggregate_node_hours": -1,
    "avg_aggregate_node_hours": -1,
    "min_cpu_util": -1,
    "max_cpu_util": -1,
    "avg_cpu_util": -1,
    "min_gpu_util": -1,
    "max_gpu_util": -1,
    "avg_gpu_util": -1,
    "min_ntx_util": -1,
    "max_ntx_util": -1,
    "avg_ntx_util": -1,
    "min_nrx_util": -1,
    "max_nrx_util": -1,
    "avg_nrx_util": -1,
    "min_wait_time": -1,
    "max_wait_time": -1,
    "average_wait_time": -1,
    "min_turnaround_time": -1,
    "max_turnaround_time": -1,
    "average_turnaround_time": -1,
    "min_area_weighted_response_time": -1,
    "max_area_weighted_response_time": -1,
    "area_weighted_avg_response_time": -1,
    "priority_weighted_specific_response_time": -1
}