Wed Jan 21 21:43:08 2026: Starting Initialization


Mini-Application Name    : CoMD-mpi
Mini-Application Version : 1.1
Platform:
  hostname: 6ba87c583b5c
  kernel name: 'Linux'
  kernel release: '6.12.54-linuxkit'
  processor: 'unknown'
Build:
  CC: '/usr/bin/mpicc'
  compiler version: 'gcc (Debian 14.2.0-19) 14.2.0'
  CFLAGS: '-std=c99 -DDOUBLE -DDO_MPI -O2'
  LDFLAGS: ' -lm '
  using MPI: true
  Threading: none
  Double Precision: true
Run Date/Time: 2026-01-21, 21:43:08

Command Line Parameters:
  doeam: 0
  potDir: pots
  potName: Cu_u6.eam
  potType: funcfl
  nx: 40
  ny: 40
  nz: 40
  xproc: 4
  yproc: 4
  zproc: 4
  Lattice constant: -1 Angstroms
  nSteps: 100
  printRate: 10
  Time step: 1 fs
  Initial Temperature: 600 K
  Initial Delta: 0 Angstroms

Simulation data: 
  Total atoms        : 256000
  Min global bounds  : [   0.0000000000,   0.0000000000,   0.0000000000 ]
  Max global bounds  : [ 144.6000000000, 144.6000000000, 144.6000000000 ]

Decomposition data: 
  Processors         :      4,     4,     4
  Local boxes        :      6,     6,     6 =      216
  Box size           : [   6.0250000000,   6.0250000000,   6.0250000000 ]
  Box factor         : [   1.0410367171,   1.0410367171,   1.0410367171 ] 
  Max Link Cell Occupancy: 32 of 64

Potential data: 
  Potential type   : Lennard-Jones
  Species name     : Cu
  Atomic number    : 29
  Mass             : 63.55 amu
  Lattice Type     : FCC
  Lattice spacing  : 3.615 Angstroms
  Cutoff           : 5.7875 Angstroms
  Epsilon          : 0.167 eV
  Sigma            : 2.315 Angstroms

Memory data: 
  Intrinsic atom footprint =   88 B/atom 
  Total atom footprint     =  21.484 MB (  0.34 MB/node)
  Link cell atom footprint =   1.160 MB/node
  Link cell atom footprint =   2.750 MB/node (including halo cell data


Initial energy : -1.166063303478, atom count : 256000 

Wed Jan 21 21:43:09 2026: Initialization Finished

Wed Jan 21 21:43:09 2026: Starting simulation

#                                                                                         Performance
#  Loop   Time(fs)       Total Energy   Potential Energy     Kinetic Energy  Temperature   (us/atom)     # Atoms
      0       0.00    -1.166063303478    -1.243619295078     0.077555991600     600.0000     0.0000       256000
     10      10.00    -1.166059671302    -1.233152596044     0.067092924741     519.0541    38.0715       256000
     20      20.00    -1.166048444584    -1.208161794319     0.042113349735     325.8035    86.3045       256000
     30      30.00    -1.166037581449    -1.186571716247     0.020534134797     158.8592    59.4598       256000
     40      40.00    -1.166042139511    -1.183655183678     0.017613044167     136.2606    40.1051       256000
     50      50.00    -1.166051731640    -1.193748648207     0.027696916567     214.2729    39.2596       256000
     60      60.00    -1.166054642856    -1.202645604514     0.036590961658     283.0803    32.9566       256000
     70      70.00    -1.166052104338    -1.204856516141     0.038804411803     300.2044    35.0164       256000
     80      80.00    -1.166048785824    -1.203606172709     0.037557386886     290.5569    37.0843       256000
     90      90.00    -1.166048047012    -1.203854970624     0.037806923612     292.4874    37.1984       256000
    100     100.00    -1.166049848389    -1.206925106266     0.040875257877     316.2251    30.0891       256000
Wed Jan 21 21:43:27 2026: Ending simulation



Simulation Validation:
  Initial energy  : -1.166063303478
  Final energy    : -1.166049848389
  eFinal/eInitial : 0.999988
  Final atom count : 256000, no atoms lost


Timings for Rank 0
        Timer        # Calls    Avg/Call (s)   Total (s)    % Loop
___________________________________________________________________
total                      1      18.1219       18.1219      102.70
loop                       1      17.6461       17.6461      100.00
timestep                  10       1.7422       17.4218       98.73
  position               100       0.0000        0.0030        0.02
  velocity               200       0.0001        0.0118        0.07
  redistribute           101       0.1528       15.4310       87.45
    atomHalo             101       0.1525       15.3991       87.27
  force                  101       0.0137        1.3810        7.83
commHalo                 303       0.0507       15.3671       87.08
commReduce                39       0.0335        1.3055        7.40

Timing Statistics Across 64 Ranks:
        Timer        Rank: Min(s)       Rank: Max(s)      Avg(s)    Stdev(s)
_____________________________________________________________________________
total               14:   18.1195       7:   18.1267     18.1216      0.0017
loop                 6:   17.6087      39:   17.6789     17.6515      0.0187
timestep            26:   17.2233      20:   17.4228     17.3292      0.0677
  position          60:    0.0018      22:    0.1181      0.0064      0.0161
  velocity           7:    0.0025      50:    0.0456      0.0048      0.0073
  redistribute      50:   15.1178       4:   16.1927     15.6669      0.2151
    atomHalo        50:   15.0874       4:   16.1682     15.6379      0.2174
  force             15:    0.6348      50:    1.4052      0.9330      0.1856
commHalo            50:   15.0453       4:   16.1292     15.6035      0.2238
commReduce          20:    1.1911       9:    2.0097      1.7068      0.2030

---------------------------------------------------
 Average atom update rate:      43.32 us/atom/task
---------------------------------------------------


---------------------------------------------------
 Average all atom update rate:   0.68 us/atom
---------------------------------------------------


---------------------------------------------------
 Average atom rate:              1.48 atoms/us
---------------------------------------------------

Wed Jan 21 21:43:27 2026: CoMD Ending

