{
    "time_simulated": "1:00:00",
    "num_samples": 240,
    "average_power": 20.469593303896186,
    "min_loss": 1.3473476488429115,
    "average_loss": 1.350906067990656,
    "max_loss": 1.3540237260249814,
    "system_power_efficiency": 93.40042546065864,
    "total_energy_consumed": 20.469593303896186,
    "carbon_emissions": 8.47272371573082,
    "total_cost": 1924.1417705662413,
    "avg_concurrent_jobs_per_active_node": 1.0,
    "max_concurrent_jobs_per_node": 1
}{
    "jobs_total": 100,
    "jobs_completed": 5,
    "throughput": 5.0,
    "jobs_still_running": [
        33664,
        4343,
        67545,
        13067,
        88900,
        99546,
        65642,
        58356,
        74898,
        61191,
        52221,
        19728,
        61286,
        77833
    ],
    "jobs_still_in_queue": [
        99954,
        17145,
        46183,
        20214,
        40233,
        91864,
        34167,
        97230,
        47223,
        58757,
        14290,
        84509,
        29431,
        38517,
        70257,
        83537,
        52486,
        53296,
        55060,
        63682,
        81750,
        37162,
        95467,
        31004,
        42183,
        34392,
        2793,
        43697,
        22827,
        46405,
        5642,
        92640,
        9864,
        12111,
        65246,
        4798,
        34717,
        4747,
        19866,
        68861,
        45207,
        56599,
        50039,
        16823,
        47191,
        26013,
        91994,
        19070,
        76188,
        44140,
        20244,
        20302,
        30306,
        27888,
        59983,
        20270,
        8659,
        59382,
        38109,
        26151,
        31036,
        94291,
        54513,
        72582,
        38477,
        47264,
        58674,
        55889,
        30653,
        27261,
        78721,
        30386,
        76782,
        11261,
        44139,
        13438,
        16712,
        99820,
        66635,
        83803,
        8144
    ],
    "jobs <= 5 nodes": 3,
    "jobs <= 50 nodes": 1,
    "jobs <= 250 nodes": 1,
    "jobs <= 4500 nodes": 0,
    "jobs > 4500 nodes": 0,
    "min_job_size": 1,
    "max_job_size": 128,
    "average_job_size": 30.2,
    "min_runtime": 980,
    "max_runtime": 2931,
    "average_runtime": 1939.8,
    "min_energy": 2411257.020408128,
    "max_energy": 248741234.93877146,
    "avg_energy": 64110619.88163265,
    "min_edp": 2363031879.999965,
    "max_edp": 392762409968.3201,
    "avg_edp": 117387547189.66641,
    "min_edp^2": 2315771242399.966,
    "max_edp^2": 620171845339977.5,
    "avg_edp^2": 232660371802528.5,
    "min_aggregate_node_hours": 1960,
    "max_aggregate_node_hours": 202112,
    "avg_aggregate_node_hours": 52089.6,
    "min_cpu_util": 1,
    "max_cpu_util": 1,
    "avg_cpu_util": 1.0,
    "min_gpu_util": 0.8,
    "max_gpu_util": 0.8,
    "avg_gpu_util": 0.8,
    "min_ntx_util": -1,
    "max_ntx_util": -1,
    "avg_ntx_util": -1,
    "min_nrx_util": -1,
    "max_nrx_util": -1,
    "avg_nrx_util": -1,
    "min_wait_time": 0,
    "max_wait_time": 0,
    "average_wait_time": 0.0,
    "min_turnaround_time": 980,
    "max_turnaround_time": 2931,
    "average_turnaround_time": 1939.8,
    "min_area_weighted_response_time": 1920800,
    "max_area_weighted_response_time": 319134848,
    "area_weighted_avg_response_time": 1830.9540637670475,
    "priority_weighted_specific_response_time": 1628.872551021257
}