{
    "time_simulated": "1:00:00",
    "num_samples": 240,
    "average_power": 20.183693973578304,
    "min_loss": 1.3338384087837922,
    "average_loss": 1.3339808276358343,
    "max_loss": 1.3340527067429757,
    "system_power_efficiency": 93.390799378042,
    "total_energy_consumed": 20.183693973578304,
    "carbon_emissions": 8.35524608075279,
    "total_cost": 1897.2672335163606,
    "avg_concurrent_jobs_per_active_node": 1.0,
    "max_concurrent_jobs_per_node": 1
}{
    "jobs_total": 100,
    "jobs_completed": 4,
    "throughput": 4.0,
    "jobs_still_running": [
        8336,
        55589,
        13014,
        34289,
        9838,
        77625,
        9260,
        60781,
        36211,
        87913,
        14331,
        96433
    ],
    "jobs_still_in_queue": [
        72771,
        87451,
        14396,
        63744,
        89425,
        59466,
        15930,
        18515,
        43099,
        36727,
        60535,
        98463,
        64661,
        91282,
        51233,
        15093,
        16416,
        22661,
        4552,
        26165,
        74781,
        97042,
        9576,
        77886,
        81495,
        54219,
        61501,
        21318,
        62083,
        60178,
        95600,
        34787,
        23267,
        17695,
        1907,
        72275,
        16231,
        34311,
        54589,
        22338,
        77097,
        61334,
        34230,
        6669,
        13928,
        97826,
        21687,
        40270,
        38580,
        28327,
        82176,
        72098,
        56869,
        91148,
        63558,
        20083,
        22080,
        36797,
        35570,
        29255,
        23139,
        26087,
        62682,
        43205,
        93650,
        63931,
        30679,
        24645,
        81250,
        67426,
        88596,
        45103,
        8737,
        86284,
        12421,
        77176,
        50247,
        48689,
        40631,
        83776,
        41053,
        15610,
        73013,
        11794
    ],
    "jobs <= 5 nodes": 4,
    "jobs <= 50 nodes": 0,
    "jobs <= 250 nodes": 0,
    "jobs <= 4500 nodes": 0,
    "jobs > 4500 nodes": 0,
    "min_job_size": 1,
    "max_job_size": 2,
    "average_job_size": 1.5,
    "min_runtime": 702,
    "max_runtime": 3411,
    "average_runtime": 2153.75,
    "min_energy": 863274.3469387644,
    "max_energy": 8398760.40816396,
    "avg_energy": 4406886.234694129,
    "min_edp": 606018591.5510126,
    "max_edp": 28648171752.247265,
    "avg_edp": 12052732869.725262,
    "min_edp^2": 425425051268.81085,
    "max_edp^2": 97718913846915.42,
    "avg_edp^2": 35278751712640.31,
    "min_aggregate_node_hours": 702,
    "max_aggregate_node_hours": 6822,
    "avg_aggregate_node_hours": 3580.0,
    "min_cpu_util": 1,
    "max_cpu_util": 1,
    "avg_cpu_util": 1.0,
    "min_gpu_util": 0.8,
    "max_gpu_util": 0.8,
    "avg_gpu_util": 0.8,
    "min_ntx_util": -1,
    "max_ntx_util": -1,
    "avg_ntx_util": -1,
    "min_nrx_util": -1,
    "max_nrx_util": -1,
    "avg_nrx_util": -1,
    "min_wait_time": 0,
    "max_wait_time": 0,
    "average_wait_time": 0.0,
    "min_turnaround_time": 702,
    "max_turnaround_time": 3411,
    "average_turnaround_time": 2153.75,
    "min_area_weighted_response_time": 492804,
    "max_area_weighted_response_time": 23269842,
    "area_weighted_avg_response_time": 2734.8311452513967,
    "priority_weighted_specific_response_time": 2290.933953131677
}