{
    "time_simulated": "1:00:00",
    "num_samples": 180,
    "average_power": 5.125756171574381,
    "min_loss": 0.0,
    "average_loss": 0.0,
    "max_loss": 0.0,
    "system_power_efficiency": 0,
    "total_energy_consumed": 5.125756171574381,
    "carbon_emissions": 0,
    "total_cost": 481.8210801279919,
    "avg_concurrent_jobs_per_active_node": 1.0,
    "max_concurrent_jobs_per_node": 1
}{
    "jobs_total": 100,
    "jobs_completed": 0,
    "throughput": 0.0,
    "jobs_still_running": [
        20250,
        91922,
        69765,
        23713,
        5741
    ],
    "jobs_still_in_queue": [
        53483,
        48114,
        29940,
        15334,
        8603,
        13139,
        82800,
        75763,
        16087,
        80373,
        90270,
        77239,
        41005,
        90373,
        77407,
        54464,
        42331,
        26508,
        10061,
        88616,
        62837,
        52593,
        77703,
        80751,
        61041,
        43762,
        28019,
        25710,
        71402,
        93559,
        89015,
        61600,
        12468,
        29048,
        52715,
        51975,
        55693,
        39591,
        88321,
        7149,
        83445,
        41900,
        56193,
        93486,
        63986,
        64061,
        39458,
        76270,
        4540,
        53990,
        18641,
        17983,
        33033,
        11203,
        33659,
        83614,
        69735,
        88491,
        5948,
        26495,
        10053,
        30782,
        32333,
        36305,
        72219,
        86542,
        4429,
        31091,
        34460,
        10905,
        16099,
        79053,
        41273,
        24418,
        53241,
        97718,
        4323,
        58499,
        30090,
        15932,
        66498,
        8319,
        1872,
        41277,
        90774,
        49496,
        3380,
        83230,
        66354,
        5353,
        8662,
        76752,
        45878,
        28459,
        80379
    ],
    "jobs <= 5 nodes": 0,
    "jobs <= 50 nodes": 0,
    "jobs <= 250 nodes": 0,
    "jobs <= 4500 nodes": 0,
    "jobs > 4500 nodes": 0,
    "min_job_size": -1,
    "max_job_size": -1,
    "average_job_size": -1,
    "min_runtime": -1,
    "max_runtime": -1,
    "average_runtime": -1,
    "min_energy": -1,
    "max_energy": -1,
    "avg_energy": -1,
    "min_edp": -1,
    "max_edp": -1,
    "avg_edp": -1,
    "min_edp^2": -1,
    "max_edp^2": -1,
    "avg_edp^2": -1,
    "min_aggregate_node_hours": -1,
    "max_aggregate_node_hours": -1,
    "avg_aggregate_node_hours": -1,
    "min_cpu_util": -1,
    "max_cpu_util": -1,
    "avg_cpu_util": -1,
    "min_gpu_util": -1,
    "max_gpu_util": -1,
    "avg_gpu_util": -1,
    "min_ntx_util": -1,
    "max_ntx_util": -1,
    "avg_ntx_util": -1,
    "min_nrx_util": -1,
    "max_nrx_util": -1,
    "avg_nrx_util": -1,
    "min_wait_time": -1,
    "max_wait_time": -1,
    "average_wait_time": -1,
    "min_turnaround_time": -1,
    "max_turnaround_time": -1,
    "average_turnaround_time": -1,
    "min_area_weighted_response_time": -1,
    "max_area_weighted_response_time": -1,
    "area_weighted_avg_response_time": -1,
    "priority_weighted_specific_response_time": -1
}