{
    "time_simulated": "1:00:00",
    "num_samples": 240,
    "average_power": 19.328675582522955,
    "min_loss": 1.2828846936557667,
    "average_loss": 1.2833637388853587,
    "max_loss": 1.2844919283496443,
    "system_power_efficiency": 93.36031207411966,
    "total_energy_consumed": 19.328675582522955,
    "carbon_emissions": 8.003915360582402,
    "total_cost": 1816.8955047571578,
    "avg_concurrent_jobs_per_active_node": 1.0,
    "max_concurrent_jobs_per_node": 1
}{
    "jobs_total": 100,
    "jobs_completed": 5,
    "throughput": 5.0,
    "jobs_still_running": [
        8289,
        8027,
        17395,
        66109,
        60069,
        23621,
        95175,
        8232,
        84795,
        20751,
        82363,
        99753,
        71085,
        82940,
        41202,
        56110,
        53642,
        53166,
        63730,
        31259,
        33549,
        45096,
        93541,
        37537
    ],
    "jobs_still_in_queue": [
        54674,
        48199,
        29303,
        87540,
        85091,
        26172,
        75370,
        28092,
        65893,
        72988,
        72640,
        96493,
        29063,
        3947,
        18299,
        33691,
        44522,
        58144,
        44531,
        23700,
        98579,
        90867,
        98449,
        47051,
        79506,
        81561,
        76630,
        50088,
        79211,
        16681,
        3178,
        95277,
        26183,
        88375,
        9956,
        82179,
        29955,
        26089,
        62437,
        58654,
        71804,
        20874,
        60081,
        91316,
        44061,
        58902,
        30680,
        22482,
        81894,
        16333,
        70345,
        80837,
        62898,
        77012,
        89606,
        50087,
        6659,
        49277,
        55208,
        85766,
        77645,
        16878,
        67445,
        5603,
        57555,
        97512,
        59127,
        24907,
        71143,
        63804,
        22503
    ],
    "jobs <= 5 nodes": 2,
    "jobs <= 50 nodes": 3,
    "jobs <= 250 nodes": 0,
    "jobs <= 4500 nodes": 0,
    "jobs > 4500 nodes": 0,
    "min_job_size": 1,
    "max_job_size": 16,
    "average_job_size": 9.0,
    "min_runtime": 307,
    "max_runtime": 2262,
    "average_runtime": 1262.4,
    "min_energy": 2784398.4285715357,
    "max_energy": 36944693.877551444,
    "avg_energy": 11761466.444898022,
    "min_edp": 1851017830.5306034,
    "max_edp": 69308245714.28651,
    "avg_edp": 17856489236.351192,
    "min_edp^2": 568262473972.8953,
    "max_edp^2": 130022268960001.48,
    "avg_edp^2": 31166206071733.645,
    "min_aggregate_node_hours": 2262,
    "max_aggregate_node_hours": 30016,
    "avg_aggregate_node_hours": 9559.6,
    "min_cpu_util": 1,
    "max_cpu_util": 1,
    "avg_cpu_util": 1.0,
    "min_gpu_util": 0.8,
    "max_gpu_util": 0.8,
    "avg_gpu_util": 0.8,
    "min_ntx_util": -1,
    "max_ntx_util": -1,
    "avg_ntx_util": -1,
    "min_nrx_util": -1,
    "max_nrx_util": -1,
    "avg_nrx_util": -1,
    "min_wait_time": 0,
    "max_wait_time": 0,
    "average_wait_time": 0.0,
    "min_turnaround_time": 307,
    "max_turnaround_time": 2262,
    "average_turnaround_time": 1262.4,
    "min_area_weighted_response_time": 1507984,
    "max_area_weighted_response_time": 56310016,
    "area_weighted_avg_response_time": 1517.790284112306,
    "priority_weighted_specific_response_time": 1380.3197053018196
}