{
    "time_simulated": "1:00:00",
    "num_samples": 180,
    "average_power": 5.482343462635258,
    "min_loss": 0.0,
    "average_loss": 0.0,
    "max_loss": 0.0,
    "system_power_efficiency": 0,
    "total_energy_consumed": 5.482343462635258,
    "carbon_emissions": 0,
    "total_cost": 515.3402854877143,
    "avg_concurrent_jobs_per_active_node": 1.0,
    "max_concurrent_jobs_per_node": 1
}{
    "jobs_total": 100,
    "jobs_completed": 5,
    "throughput": 5.0,
    "jobs_still_running": [
        21371,
        25705,
        59448,
        38327,
        37462,
        28169,
        20692,
        16419,
        22353,
        14900,
        10491
    ],
    "jobs_still_in_queue": [
        13852,
        24106,
        38411,
        77662,
        44148,
        4542,
        63035,
        30616,
        60260,
        96119,
        22185,
        3191,
        1751,
        58486,
        12232,
        53055,
        52137,
        83743,
        23321,
        3468,
        73402,
        50897,
        56165,
        75395,
        82760,
        515,
        62877,
        13760,
        55562,
        62496,
        49052,
        13437,
        7025,
        70941,
        58679,
        65553,
        47806,
        70740,
        51924,
        69562,
        90126,
        23738,
        43147,
        53830,
        19253,
        60613,
        85585,
        60353,
        11505,
        67906,
        80408,
        91016,
        13008,
        42003,
        93968,
        50163,
        2458,
        76676,
        54340,
        37181,
        32904,
        88566,
        81924,
        4691,
        3571,
        59296,
        86927,
        29075,
        77744,
        40992,
        59292,
        33054,
        56462,
        19970,
        20258,
        28590,
        30442,
        36953,
        93789,
        85370,
        47351,
        63465,
        77346,
        65125
    ],
    "jobs <= 5 nodes": 3,
    "jobs <= 50 nodes": 2,
    "jobs <= 250 nodes": 0,
    "jobs <= 4500 nodes": 0,
    "jobs > 4500 nodes": 0,
    "min_job_size": 1,
    "max_job_size": 32,
    "average_job_size": 14.0,
    "min_runtime": 122,
    "max_runtime": 3306,
    "average_runtime": 1560.2,
    "min_energy": 444558.83999999904,
    "max_energy": 97141617.59999251,
    "avg_energy": 26436187.41599856,
    "min_edp": 54236178.479999885,
    "max_edp": 321150187785.57526,
    "avg_edp": 72048719829.65512,
    "min_edp^2": 6616813774.559986,
    "max_edp^2": 1061722520819111.8,
    "avg_edp^2": 221399122723751.2,
    "min_aggregate_node_hours": 488,
    "max_aggregate_node_hours": 105792,
    "avg_aggregate_node_hours": 28795.6,
    "min_cpu_util": 1,
    "max_cpu_util": 1,
    "avg_cpu_util": 1.0,
    "min_gpu_util": 0.8,
    "max_gpu_util": 0.8,
    "avg_gpu_util": 0.8,
    "min_ntx_util": -1,
    "max_ntx_util": -1,
    "avg_ntx_util": -1,
    "min_nrx_util": -1,
    "max_nrx_util": -1,
    "avg_nrx_util": -1,
    "min_wait_time": 0,
    "max_wait_time": 0,
    "average_wait_time": 0.0,
    "min_turnaround_time": 122,
    "max_turnaround_time": 3306,
    "average_turnaround_time": 1560.2,
    "min_area_weighted_response_time": 59536,
    "max_area_weighted_response_time": 349748352,
    "area_weighted_avg_response_time": 2725.057355984942,
    "priority_weighted_specific_response_time": 2415.0691832102184
}