{
    "time_simulated": "1:00:00",
    "num_samples": 240,
    "average_power": 18.34066216000474,
    "min_loss": 1.2247102397144551,
    "average_loss": 1.2248733442722783,
    "max_loss": 1.2249959703267,
    "system_power_efficiency": 93.3215424089576,
    "total_energy_consumed": 18.340662160004737,
    "carbon_emissions": 7.597938752006397,
    "total_cost": 1724.0222430404453,
    "avg_concurrent_jobs_per_active_node": 1.0,
    "max_concurrent_jobs_per_node": 1
}{
    "jobs_total": 100,
    "jobs_completed": 1,
    "throughput": 1.0,
    "jobs_still_running": [
        14303,
        51759,
        38052,
        85730,
        56942,
        75342,
        54721,
        38487,
        77093,
        74808,
        77681
    ],
    "jobs_still_in_queue": [
        27061,
        74870,
        13090,
        94710,
        32458,
        23675,
        34302,
        47749,
        2580,
        27348,
        73708,
        37919,
        44279,
        40950,
        59848,
        28271,
        54370,
        24926,
        16940,
        73320,
        67919,
        38769,
        96309,
        92306,
        95913,
        30725,
        82263,
        50534,
        95973,
        19186,
        73070,
        38175,
        51049,
        65216,
        27032,
        12472,
        79662,
        56975,
        55169,
        26576,
        69167,
        70208,
        12618,
        42598,
        82570,
        55665,
        30054,
        4761,
        55134,
        40108,
        83200,
        81304,
        89244,
        84631,
        79828,
        96259,
        59400,
        75314,
        73492,
        87479,
        89205,
        54278,
        56431,
        37557,
        6060,
        35404,
        87500,
        92248,
        42304,
        35187,
        41501,
        99635,
        80765,
        63178,
        14570,
        78735,
        82120,
        60362,
        11678,
        67405,
        15174,
        51622,
        5934,
        42432,
        28512,
        25381,
        11327,
        41242
    ],
    "jobs <= 5 nodes": 0,
    "jobs <= 50 nodes": 1,
    "jobs <= 250 nodes": 0,
    "jobs <= 4500 nodes": 0,
    "jobs > 4500 nodes": 0,
    "min_job_size": 8,
    "max_job_size": 8,
    "average_job_size": 8.0,
    "min_runtime": 2053,
    "max_runtime": 2053,
    "average_runtime": 2053.0,
    "min_energy": 20216136.489796422,
    "max_energy": 20216136.489796422,
    "avg_energy": 20216136.489796422,
    "min_edp": 41503728213.552055,
    "max_edp": 41503728213.552055,
    "avg_edp": 41503728213.552055,
    "min_edp^2": 85207154022422.38,
    "max_edp^2": 85207154022422.38,
    "avg_edp^2": 85207154022422.38,
    "min_aggregate_node_hours": 16424,
    "max_aggregate_node_hours": 16424,
    "avg_aggregate_node_hours": 16424.0,
    "min_cpu_util": 1,
    "max_cpu_util": 1,
    "avg_cpu_util": 1.0,
    "min_gpu_util": 0.8,
    "max_gpu_util": 0.8,
    "avg_gpu_util": 0.8,
    "min_ntx_util": -1,
    "max_ntx_util": -1,
    "avg_ntx_util": -1,
    "min_nrx_util": -1,
    "max_nrx_util": -1,
    "avg_nrx_util": -1,
    "min_wait_time": 0,
    "max_wait_time": 0,
    "average_wait_time": 0.0,
    "min_turnaround_time": 2053,
    "max_turnaround_time": 2053,
    "average_turnaround_time": 2053.0,
    "min_area_weighted_response_time": 33718472,
    "max_area_weighted_response_time": 33718472,
    "area_weighted_avg_response_time": 2053.0,
    "priority_weighted_specific_response_time": 1539.75
}