{
    "time_simulated": "1:00:00",
    "num_samples": 180,
    "average_power": 6.018171706729335,
    "min_loss": 0.0,
    "average_loss": 0.0,
    "max_loss": 0.0,
    "system_power_efficiency": 0,
    "total_energy_consumed": 6.018171706729336,
    "carbon_emissions": 0,
    "total_cost": 565.7081404325576,
    "avg_concurrent_jobs_per_active_node": 1.0,
    "max_concurrent_jobs_per_node": 1
}{
    "jobs_total": 100,
    "jobs_completed": 0,
    "throughput": 0.0,
    "jobs_still_running": [
        30594,
        9026,
        14403,
        8079
    ],
    "jobs_still_in_queue": [
        85053,
        34261,
        85333,
        69174,
        86488,
        97683,
        2317,
        473,
        17648,
        43397,
        5538,
        37907,
        61026,
        2096,
        75516,
        98292,
        64225,
        28613,
        9740,
        39137,
        26280,
        51652,
        4059,
        89310,
        4062,
        89406,
        83827,
        6125,
        78084,
        69820,
        34889,
        32934,
        35324,
        44786,
        56984,
        36840,
        29226,
        20951,
        79763,
        98446,
        62519,
        76347,
        34592,
        5835,
        32419,
        60909,
        6581,
        8374,
        74390,
        34952,
        3910,
        16181,
        48362,
        39514,
        43270,
        72148,
        59274,
        89731,
        19814,
        95203,
        901,
        10799,
        14382,
        49300,
        18617,
        60324,
        2773,
        19585,
        1572,
        18979,
        37466,
        46596,
        94556,
        75921,
        68547,
        85918,
        89571,
        48343,
        43392,
        93654,
        32339,
        70451,
        81269,
        75868,
        88845,
        21277,
        13103,
        67002,
        76765,
        70921,
        77459,
        12015,
        8290,
        37269,
        78490,
        22230
    ],
    "jobs <= 5 nodes": 0,
    "jobs <= 50 nodes": 0,
    "jobs <= 250 nodes": 0,
    "jobs <= 4500 nodes": 0,
    "jobs > 4500 nodes": 0,
    "min_job_size": -1,
    "max_job_size": -1,
    "average_job_size": -1,
    "min_runtime": -1,
    "max_runtime": -1,
    "average_runtime": -1,
    "min_energy": -1,
    "max_energy": -1,
    "avg_energy": -1,
    "min_edp": -1,
    "max_edp": -1,
    "avg_edp": -1,
    "min_edp^2": -1,
    "max_edp^2": -1,
    "avg_edp^2": -1,
    "min_aggregate_node_hours": -1,
    "max_aggregate_node_hours": -1,
    "avg_aggregate_node_hours": -1,
    "min_cpu_util": -1,
    "max_cpu_util": -1,
    "avg_cpu_util": -1,
    "min_gpu_util": -1,
    "max_gpu_util": -1,
    "avg_gpu_util": -1,
    "min_ntx_util": -1,
    "max_ntx_util": -1,
    "avg_ntx_util": -1,
    "min_nrx_util": -1,
    "max_nrx_util": -1,
    "avg_nrx_util": -1,
    "min_wait_time": -1,
    "max_wait_time": -1,
    "average_wait_time": -1,
    "min_turnaround_time": -1,
    "max_turnaround_time": -1,
    "average_turnaround_time": -1,
    "min_area_weighted_response_time": -1,
    "max_area_weighted_response_time": -1,
    "area_weighted_avg_response_time": -1,
    "priority_weighted_specific_response_time": -1
}