{
    "time_simulated": "1:00:00",
    "num_samples": 240,
    "average_power": 20.390581062695546,
    "min_loss": 1.3462285433115737,
    "average_loss": 1.3462285433115724,
    "max_loss": 1.3462285433115737,
    "system_power_efficiency": 93.39779215132575,
    "total_energy_consumed": 20.390581062695546,
    "carbon_emissions": 8.44025712577994,
    "total_cost": 1916.7146198933813,
    "avg_concurrent_jobs_per_active_node": 1.0,
    "max_concurrent_jobs_per_node": 1
}{
    "jobs_total": 100,
    "jobs_completed": 0,
    "throughput": 0.0,
    "jobs_still_running": [
        36906,
        38070,
        48648,
        33030,
        55411,
        41674,
        76384,
        31004
    ],
    "jobs_still_in_queue": [
        29232,
        45563,
        65668,
        4186,
        20209,
        60938,
        7435,
        19534,
        83321,
        22855,
        59722,
        10101,
        79629,
        30354,
        80041,
        41854,
        79074,
        92187,
        31835,
        60596,
        86729,
        19538,
        81903,
        43434,
        44557,
        92862,
        84761,
        8687,
        38183,
        59859,
        1847,
        31855,
        57752,
        19558,
        24013,
        90942,
        49104,
        97778,
        32752,
        7687,
        61935,
        4061,
        16103,
        38371,
        28009,
        29662,
        11260,
        85795,
        35749,
        60123,
        18696,
        13280,
        79644,
        79490,
        68950,
        16691,
        54981,
        87804,
        3819,
        22248,
        57985,
        56135,
        80078,
        33335,
        52137,
        15106,
        81359,
        20221,
        437,
        61966,
        12757,
        89172,
        47,
        77234,
        61780,
        48571,
        33500,
        57765,
        15518,
        88127,
        67486,
        65451,
        46526,
        25127,
        58818,
        37468,
        29968,
        97643,
        2702,
        87217,
        43103,
        32186
    ],
    "jobs <= 5 nodes": 0,
    "jobs <= 50 nodes": 0,
    "jobs <= 250 nodes": 0,
    "jobs <= 4500 nodes": 0,
    "jobs > 4500 nodes": 0,
    "min_job_size": -1,
    "max_job_size": -1,
    "average_job_size": -1,
    "min_runtime": -1,
    "max_runtime": -1,
    "average_runtime": -1,
    "min_energy": -1,
    "max_energy": -1,
    "avg_energy": -1,
    "min_edp": -1,
    "max_edp": -1,
    "avg_edp": -1,
    "min_edp^2": -1,
    "max_edp^2": -1,
    "avg_edp^2": -1,
    "min_aggregate_node_hours": -1,
    "max_aggregate_node_hours": -1,
    "avg_aggregate_node_hours": -1,
    "min_cpu_util": -1,
    "max_cpu_util": -1,
    "avg_cpu_util": -1,
    "min_gpu_util": -1,
    "max_gpu_util": -1,
    "avg_gpu_util": -1,
    "min_ntx_util": -1,
    "max_ntx_util": -1,
    "avg_ntx_util": -1,
    "min_nrx_util": -1,
    "max_nrx_util": -1,
    "avg_nrx_util": -1,
    "min_wait_time": -1,
    "max_wait_time": -1,
    "average_wait_time": -1,
    "min_turnaround_time": -1,
    "max_turnaround_time": -1,
    "average_turnaround_time": -1,
    "min_area_weighted_response_time": -1,
    "max_area_weighted_response_time": -1,
    "area_weighted_avg_response_time": -1,
    "priority_weighted_specific_response_time": -1
}